18557
11496
1019
10400
4685
10155
5569
10825
6667
8413
7885
5427
11192
10463
11442
6376
6969
439
1284
837
9840
1327
3669
6812
1718
4610
8940
10769
10115
7773
10349
11380
4019
8238
8461
768
9969
8084
1040
6159
11603
8051
1925
6670
2798
7925
9456
226
6711
3246
7357
8175
2594
7646
776
2160
3239
7738
7293
7176
2181
1552
5245
4445
9549
5910
5579
7873
10460
6953
10724
10314
6375
7158
10597
6730
5583
3782
9878
8575
6249
9530
6078
7311
3981
4579
664
8977
11859
9750
9680
6058
4166
9633
5783
1653
5775
7938
10497
6037
11227
1091
11792
7188
10950
6298
11674
10720
2948
816
7524
2871
428
4103
11305
834
1461
3809
4497
5658
1679
6242
9779
8335
9365
9968
8986
7409
11978
5652
2740
8539
4225
8006
2431
939
4257
10913
5856
2479
8378
8305
1840
2433
5847
1316
4537
4515
1966
8516
10882
2765
7531
6691
805
1253
2121
6695
11315
11275
3337
8299
8463
10816
10216
11772
3444
10555
8483
8082
6748
2523
112
4156
11263
3773
1903
4566
9641
4007
3317
6264
6973
3103
6777
719
2998
5834
1988
5776
522
2793
9477
4054
8677
8663
3686
5417
2859
7427
8361
6284
9839
8992
2811
8049
6573
8918
6834
4808
2582
10543
4642
890
10574
795
8099
11352
10094
7324
2900
5638
10503
1309
10
8032
6487
7428
8761
306
11535
11926
5468
6159
488
1601
4226
1564
3251
8738
762
6069
4159
11637
7795
11388
7248
7354
11291
7285
10814
8642
11342
2804
11161
4797
1080
5298
1314
10214
6127
2533
1764
976
3518
10271
896
8586
6866
7326
831
5268
7737
5957
7727
8783
9774
1795
10419
8758
6056
10141
1341
2833
3512
532
5254
1682
10902
4882
2134
9080
10946
4303
4880
10628
8649
11867
96
8659
10663
3136
9260
1032
778
3174
5937
10153
10138
6082
4481
9526
9795
734
798
8509
5496
8452
8254
9670
2310
786
7702
3237
9779
2321
7863
1636
8722
10642
6924
3951
10647
7112
6250
3369
1918
8029
8457
2297
9424
4037
10901
7788
402
8328
9733
309
8431
9203
7203
9564
296
8001
1784
8248
8496
7180
8943
4029
3614
7499
10008
11965
9604
9823
5635
7756
5244
7945
2710
8841
10568
4151
1326
9365
8056
10904
7596
10338
6674
68
6565
2094
6555
5516
11391
8228
11201
7744
4209
684
2505
2310
742
525
9754
5428
8726
8130
10944
7979
1600
8189
11320
9509
5687
8838
6016
6417
1222
4624
2972
1614
5087
7739
11028
2328
4
7043
2146
10538
1211
5906
177
6680
11271
5724
7413
1807
6667
10218
2347
2324
10244
10220
11664
10673
7304
9625
8409
3061
4310
2563
4626
9325
11649
9552
6442
10457
3808
10510
2650
10133
11568
2995
4305
11705
11468
872
2662
9708
9790
11856
9967
8829
7703
3986
234
5570
8995
11055
3030
528
7903
7369
10666
8239
4123
6983
5859
8957
6923
11594
11018
10535
10571
4827
5750
6738
917
8449
15
10873
7968
10314
10546
10505
3712
4417
3735
10378
6178
10440
7129
10271
1870
11524
2008
2590
11226
706
3212
6926
11631
2610
5458
1566
7792
9421
11851
1149
7892
11052
89
1181
5977
624
9096
8040
2410
6011
7357
1416
10978
8154
6207
6766
11386
5226
6634
438
5377
4439
8853
1520
3610
2418
9999
10259
685
6521
10719
1086
7337
9343
6270
783
1845
898
3944
3310
5071
11542
10197
4024
7332
3702
3810
1772
4411
11839
11751
1308
2553
11771
4093
10961
4163
2629
7408
11239
3195
11163
10529
1235
9850
11001
10378
7240
4210
8659
2773
9889
3833
3755
11674
4458
5093
6798
2316
1597
6173
6344
10964
10829
9143
1988
6749
2554
5447
796
11111
8110
5362
4255
9815
3588
9659
10668
5344
11657
4676
8160
5666
6564
2431
4065
948
8769
1139
3435
10737
3355
645
4783
6440
10368
7805
8892
7681
3695
4707
621
8108
9844
7928
8148
6762
3198
7604
8902
867
5822
1168
4710
3147
1842
3927
2257
9339
8694
3475
8964
7503
6228
3031
715
2082
1669
6319
630
6339
11883
5504
3149
891
10166
11938
9211
11498
943
1119
10124
6090
4343
287
1998
1229
5469
1438
9187
9742
10545
10342
4166
2263
1731
3240
660
11690
6485
5445
2515
1307
3734
9944
969
4364
5941
11351
3404
1386
7290
1211
11565
3266
9780
10665
6419
1450
2933
7870
4476
11048
7088
4318
6326
4670
2973
8370
2550
10132
9221
5778
6854
7841
6990
1914
11413
9761
6564
644
8856
11321
1053
4440
7220
8421
4791
3323
10396
7923
4981
4643
7218
11562
438
9428
11308
8182
4915
4190
1178
7515
10569
5602
5767
6417
7530
5304
4755
11560
10339
9415
9433
11019
11159
3901
6794
3031
7259
7023
2705
1373
4131
1430
5668
3418
3940
7245
10628
849
7636
3617
8650
6348
139
1747
3016
2273
3388
1248
3411
1406
7874
7990
9320
1313
9403
3203
9653
683
8433
2626
5798
184
6182
2880
9950
4000
11059
11999
11529
3107
6594
2197
5828
9712
4104
5443
4827
3949
1757
4344
4138
1026
462
8030
6589
5444
10219
9452
5771
8743
10068
447
8129
4438
4726
2350
11756
6358
3266
4683
55
575
9884
8587
4786
8429
3833
1179
1714
4833
7004
9891
11233
2149
9472
10132
5774
3353
5432
5227
3682
5030
4555
609
7480
2965
6659
2638
7037
4627
8921
2153
3127
11842
10505
6037
6253
7227
1525
4553
1303
3701
11684
4119
731
5421
4732
2442
9449
976
10029
7564
1425
1477
6063
4401
9280
7376
694
3712
9712
10446
9168
9241
9614
3264
9619
866
8069
5914
4850
3131
4158
4266
2546
1417
7608
2326
3918
10252
798
6539
2911
9938
8499
2803
671
4631
3932
5116
874
5439
8361
372
2812
9853
2409
10757
6811
1944
4629
7537
2585
8303
6606
5713
5552
563
11973
8102
6940
4611
1192
9845
2665
11237
10808
4180
7512
2982
7139
11501
9079
1320
9927
10304
2213
9083
5504
587
5355
3177
1331
5559
3248
2136
6554
8248
1882
3960
8278
1659
5329
5928
10762
571
2316
11749
10611
3901
10900
6371
7225
4759
4543
11214
2415
4895
8170
6308
2062
9167
8472
4979
8033
10020
4738
7232
325
9637
2949
3859
5505
500
6622
10581
11973
1562
3096
140
9472
7047
3477
2298
11462
8082
8363
9074
4590
1974
11808
7303
11494
9844
6594
2761
11493
4709
2971
3580
6471
4752
8412
7596
6375
6634
1752
4517
198
9121
3204
3433
6209
8157
8340
9206
11392
6659
7010
9673
10676
7961
11463
3342
1531
10700
3625
2407
10825
3332
3512
4416
8605
114
3185
5816
1543
3498
7433
3861
5295
8304
1563
7992
9843
894
8186
9837
11152
11725
10844
2340
10057
4289
8571
1303
7298
11339
10200
2753
7945
677
221
3074
9219
7433
5449
3711
2797
3872
3545
2521
8177
3211
4588
3498
7547
2714
9443
7583
10799
7601
7621
7685
9976
8817
6556
8774
1391
10681
3954
5071
1021
10785
4880
6847
2516
4151
9664
7244
7257
4802
5524
6794
4389
2280
11944
5934
7595
10533
1410
1848
4633
9740
3010
5332
1233
8252
711
10161
6948
5757
775
1549
4921
115
7837
1836
10225
4991
4585
383
578
5510
7747
969
10681
6583
5311
11562
1313
7399
2391
2395
6523
5767
4100
8650
10883
1565
7092
5790
9724
5499
9071
2770
2664
3715
1640
4808
434
4493
6265
9329
11145
4320
1916
11935
2584
1112
142
1904
26
8151
835
10712
6229
7523
5915
10481
1941
10411
10399
6014
5169
11536
11030
8192
7869
4389
7671
10056
1407
6559
10074
1749
11271
10570
10452
8787
10982
9080
4424
11727
3008
98
7470
4356
726
10108
4924
3874
4072
8541
10866
4318
495
1985
6884
3630
10203
6865
9787
11246
2412
8998
5709
5006
1403
11534
2874
9427
5686
5207
4447
8014
4432
6678
2440
8319
4532
1925
3553
5813
7301
10230
2145
1427
7757
2245
2166
9737
7832
6959
10956
2279
1547
3066
7204
11388
1314
2337
7190
10176
10013
19
1557
11956
3318
10133
5444
1376
3029
1721
5697
11948
2702
5685
197
8407
3923
2789
9978
1482
6868
11752
8890
5146
8558
13
1943
6338
8308
6875
8283
2373
2351
7134
3923
7923
4484
9169
4870
5444
4786
2632
3232
2325
2104
7469
3173
4773
1952
11958
8246
10632
11821
2748
10688
4779
2670
622
10671
11689
6413
5732
5296
3986
745
1562
9296
11449
10493
7633
9933
9937
887
3223
1526
10117
789
3918
2306
7595
4862
3752
7986
3234
7045
10050
2466
6911
1407
3752
6507
11888
2586
11100
23
10214
6460
995
2774
8211
4602
6173
9813
7119
11253
5535
11952
1355
3187
11556
7795
11603
10812
627
4567
93
1188
9521
5998
2929
417
5885
4954
3231
5910
692
289
7093
10563
6099
5558
4012
8715
8912
7786
6465
1965
4125
11396
9659
3582
10518
5692
4291
9169
3282
3968
8251
2646
2958
6353
9731
298
3664
914
10093
9791
10666
2344
102
3494
3807
6722
5758
329
9113
10371
4010
9594
2111
776
9966
5805
2963
1788
8025
3589
7459
4042
3473
10004
5257
2528
4580
419
11441
4694
8157
1163
3539
244
9769
11640
9614
5966
5441
482
1845
7456
2709
4515
6211
6545
11260
9939
2494
8502
5146
2085
11729
2780
11724
5492
10581
1089
6962
7748
9815
9023
6644
8680
3105
10241
10275
4910
4870
11384
3116
8706
11657
3441
11791
9242
792
1209
8309
2012
2579
10766
10077
10106
4292
9569
1647
11430
9528
805
7437
674
5179
7062
1546
9921
4357
2169
3062
11310
9068
4223
8887
974
3239
3374
1114
3746
8908
6836
8387
6702
7962
6911
427
2607
762
11455
8049
5682
9299
4285
7500
3829
8259
1415
3855
9585
6398
1829
9435
6515
11145
2645
11883
2649
11097
2085
2520
1779
345
9570
1010
11031
9089
4557
7101
7128
967
2407
6377
8098
8868
8616
2431
9919
3661
4142
10792
695
368
4379
6170
10446
11768
8489
240
8435
8213
327
10194
10202
6664
9139
2664
11069
7518
7495
3398
9864
8739
3576
6200
1971
1147
11000
3155
540
6412
3767
4042
791
8352
10717
8119
6841
8630
5032
8082
1323
5720
11907
4014
3306
11243
11370
8536
1630
8345
5578
1122
8740
6706
2555
3692
2480
2156
5386
1095
6009
1504
7298
10977
7136
5307
6871
9814
9834
8744
5754
9499
10544
11566
1830
11912
8138
10322
11699
7246
4972
3615
3605
5686
9489
6087
3648
9108
8143
11188
6113
8029
183
6433
1228
896
2910
11974
6385
2074
1522
7734
10093
7532
4516
4185
7428
7223
824
5044
5683
10575
6498
6744
5210
10218
721
3485
9122
5265
3266
9983
2546
2941
2289
4749
11556
246
2411
10797
11702
3613
4547
8128
10214
6148
2793
5161
10503
1049
9893
8496
2513
2197
1453
5936
11745
4665
4001
676
3478
5028
11389
888
707
1885
1741
2592
10792
6859
3254
8844
2557
11638
1665
4651
766
9224
11015
10900
4460
5606
6604
7760
5524
9410
8622
4600
172
11899
6920
3409
704
3783
7739
32
7916
10831
5970
4240
7974
3181
1573
7722
11358
3462
2323
8521
3646
10529
6858
11293
4446
584
2266
945
7707
9863
3034
4771
11944
6825
7172
11192
10546
6922
2678
9489
8431
5529
7247
2650
9676
8500
10215
495
9577
1106
4230
2736
11759
10700
981
11391
483
10504
4566
1239
2223
9291
7657
5524
4896
6480
11627
10089
7760
324
8150
4451
2077
10356
505
8998
8020
2179
7944
7604
1134
6905
5934
8374
7783
1223
4977
8067
9611
5067
890
7947
7911
2244
8097
4393
8131
7149
2406
4513
383
7831
7134
7390
9888
180
4166
1229
7692
5887
11635
7783
10784
2113
10399
9881
9925
11420
2323
5685
11018
6518
4651
4536
1802
7815
2303
1791
3905
8457
1955
4015
4986
7734
10091
9230
10742
9209
11962
7593
7946
825
7481
3978
3507
8510
7570
3364
688
2419
6325
10771
4181
7994
8609
7677
10630
375
5258
8427
4514
4488
9117
1084
943
8249
6413
1514
1000
2848
7763
1193
11625
3963
5183
8264
10888
9005
7957
11887
2631
4145
1074
5677
10002
2883
1198
11289
1346
11298
8684
7724
182
1880
10209
11931
7689
5999
2872
11573
9138
4558
7399
1524
1163
3266
11158
5765
8511
3243
7203
7762
1130
3291
5389
9253
2943
5181
9850
5580
2624
5697
3739
5234
5949
4937
5096
292
8981
7498
5073
8691
5389
9708
7484
11019
1605
3925
4731
5570
342
6213
1663
5842
2141
2307
7768
8512
2165
842
3318
11093
1380
2150
6717
9062
3552
3730
263
8212
164
5623
1898
5276
6376
10428
9242
2591
2614
5589
1338
10651
10114
1847
6973
3815
8960
9373
339
1298
9663
10140
1001
7745
10278
3433
3746
1278
6320
1207
4893
1843
2426
7105
956
5025
2749
11472
9328
6174
3484
6594
10725
2781
3720
7631
7628
9495
1986
7386
3809
5955
11403
9021
5268
10875
6245
2250
6490
8339
7052
7294
5936
8236
8067
3000
7037
2098
9826
1067
5657
6269
1153
11193
10148
2456
6590
10210
5554
11118
5484
9935
11410
1996
5461
9456
8784
6282
3982
1963
2844
6504
912
4
6189
3134
756
2176
3556
7277
1224
8771
6223
10486
5212
3790
4567
11805
8090
11990
11686
10631
1341
285
7853
5768
9155
10804
4830
8272
474
4323
6637
10257
11308
9539
5366
5763
2793
7790
9003
5142
1497
10328
4926
1086
7918
10165
5854
8515
896
8748
4536
11989
1837
5357
3272
5123
9187
2159
632
697
6503
199
2330
7716
10785
1400
8173
8627
5374
8770
4397
10233
1777
3523
8397
9525
5207
5710
2984
2746
11390
6232
11773
445
5399
4705
10177
5085
10775
3711
9681
1002
9161
11311
713
7062
909
2488
11383
6304
9848
10296
7727
6224
10406
3039
5821
1996
8705
6656
7238
1050
1045
3774
2794
8845
3364
10502
11404
4516
5795
3099
11061
7266
9361
2959
1610
1947
11152
2211
5913
3230
11983
7276
7410
8084
10574
2310
1761
7974
737
8304
4403
9287
10805
4886
300
6919
1744
6518
3060
11787
3910
2768
7771
8243
2345
3754
7569
11918
4783
593
5890
503
1224
8835
6732
7251
4956
10381
3982
11756
344
10256
5969
2546
8483
6876
2869
9576
9986
10097
4475
3444
6717
10323
4049
8408
9202
345
4572
5835
3751
11372
8735
9666
10959
5786
11304
3798
3349
7758
2277
3005
289
8645
7330
6059
3138
5443
6529
8195
8733
5144
11152
5877
8873
7885
9696
8001
3376
3158
5725
8285
573
8112
6230
9507
3777
1118
7507
5598
1310
1265
10289
6296
3074
3366
8983
11123
6465
2291
5336
921
4584
10101
10714
11987
2241
8448
11405
10066
8178
7115
1964
5003
5221
5307
10597
1849
11730
7471
3945
6496
9788
9903
2337
5654
11947
8306
4724
2016
9185
3729
6945
1952
3861
4927
1853
8855
7019
7233
7077
6496
5297
3375
11748
7290
11008
10485
11569
10343
3598
11621
3887
3477
3767
5700
9238
4101
918
4576
8853
9916
8427
10280
3185
5840
1367
5083
4284
8409
9883
8040
7151
3076
2315
6058
1765
11428
11476
3313
8464
10262
7147
1956
4727
4829
5898
1573
1134
2197
7768
4739
2369
1816
2116
9284
3635
2778
8147
6508
11687
9092
1120
4613
2928
11526
7215
9977
2626
9102
8283
1705
9263
5293
6393
10961
422
5317
5138
10176
1314
3582
2059
41
2169
447
10362
6504
195
8895
10251
5600
7662
8531
2765
983
9893
8544
5894
11371
11565
817
10085
10926
8681
11331
9861
4694
10951
348
10385
5761
11041
11521
8152
6644
1251
3190
3843
732
6662
3548
2498
10200
8675
7205
3739
10836
6040
5849
2677
7631
6141
312
10429
11697
5240
7269
1851
3271
6755
3139
11117
9032
9372
4449
3213
6853
7908
11999
3196
9396
5306
1618
1233
5566
2010
3112
5985
11859
5196
3223
3823
33
8934
5985
4638
11301
9349
8796
4697
344
4196
4885
1027
7000
3986
10506
10225
1348
3933
6317
1399
1162
4439
8799
92
7363
6715
1436
1606
11098
1347
4555
4045
11470
11247
11303
9695
1691
6372
1186
27
5579
7997
9927
4659
7837
1005
5091
2004
4416
1812
2994
9162
11542
2996
3893
764
9632
5553
3218
1000
5318
11960
884
13
11180
7802
6227
3130
4588
6704
7092
9030
6141
4698
1923
11050
2736
1822
3394
205
6178
8930
11205
7311
9497
6103
8102
10751
7781
11951
9021
3995
4352
4309
4442
6873
10476
10442
5627
8913
11597
2849
1340
7711
3173
7101
9008
6357
2761
2922
11947
9341
9824
6764
2367
10176
7047
7657
1323
8129
559
7949
1600
9991
9460
4795
1696
5753
5480
4831
8697
6331
11303
1486
8720
1159
3276
5721
3973
9503
6707
10708
7165
1785
11838
5086
3058
11977
3873
11893
9440
5313
7036
5151
3568
7093
6684
7279
5391
2278
6848
6148
9379
9883
7381
10554
781
4805
989
7237
11424
2810
7952
11325
885
1792
9234
3160
10937
8211
6921
9967
2614
7816
2591
671
6068
247
11204
4396
1595
4082
507
9793
9776
8161
3703
5317
11622
4684
269
3937
1952
9635
4315
3482
914
4502
9781
1943
9658
8039
5011
7522
581
12
1882
8084
8434
6380
6690
9886
7740
1318
7379
5080
573
1742
4440
5442
4689
4699
2974
6170
5305
7008
10909
10280
10571
5958
9240
7284
10790
1672
6443
7268
942
5895
834
7375
866
4535
7664
11917
1665
10171
2118
3941
4454
8068
5168
11075
6560
4878
342
5794
10551
9266
4000
10033
7227
115
7587
122
2735
2759
7597
6554
6455
8847
5619
5890
10095
9005
4849
1405
9660
11367
2834
624
2519
9340
10975
1911
3748
6643
3470
2629
1250
10696
11860
2094
7850
2851
4250
5687
10646
9772
544
9941
7332
6392
4630
6281
4050
1476
9528
3346
5509
11690
7827
6389
7702
11400
9566
11271
10486
9065
4797
9899
5618
3164
4620
3679
5550
6981
8336
9697
3345
6395
7649
8778
2528
7964
3471
1460
3526
10157
4898
3133
4531
488
7319
3211
9191
9618
7368
11177
7523
8128
2584
2688
5697
8757
3133
1691
5119
265
3862
9559
7240
907
11178
11778
34
11663
2929
8544
4856
11920
8427
7883
4625
5189
10180
8480
3846
5781
8635
4422
3919
10992
4391
1386
5526
7420
10821
3544
1572
10426
1985
8568
7243
8572
5902
6585
8175
8024
3961
9807
1573
5440
5208
2762
2313
5810
1662
10695
6612
3977
9556
11650
5833
5253
9563
2139
6301
11587
8536
6987
9698
9154
234
1103
6691
1027
6700
8358
5895
10771
3668
4629
9083
3324
4315
6310
11783
8470
129
4168
3944
9486
7357
1426
320
3206
6707
6296
8551
11824
414
8928
593
11124
4739
8834
6260
2664
11172
3339
58
6584
6281
4444
8329
3253
2159
8761
2928
1902
8785
2723
6219
6660
408
3312
2125
5106
10172
4863
5304
9463
2728
5260
9212
8004
7464
11913
9885
10019
1237
3427
1735
3858
1141
6690
462
10119
8842
9372
10396
962
6409
8391
7160
11817
3330
7939
7470
1430
3534
1949
2251
4239
11749
5685
4904
1470
2433
3177
9677
10161
7742
7755
5501
467
3675
7758
4507
1159
5514
8743
5627
9146
1079
7115
6246
9122
5097
2085
10854
2137
6068
5213
4918
8925
10595
3534
4961
3213
4963
9346
9842
2075
10066
3263
7724
2523
3381
6941
10034
2095
727
4145
11899
8098
2911
3443
10139
9476
2145
6746
839
8934
10239
7320
8832
6974
3092
8597
11159
1956
1898
7225
5599
9051
6728
4274
3862
10141
10807
1383
4821
10266
5794
11843
6370
10119
11781
10234
1095
4406
10476
10213
6851
2533
6173
6382
4692
9149
2626
10944
9298
5461
831
10899
1096
10069
4989
11063
754
6197
11530
8031
5525
4769
1138
8418
5121
5686
8060
5352
4384
6943
8763
142
4965
4915
9144
5415
10532
5163
11999
7751
7750
1544
10344
5936
6330
6188
1459
7437
7912
8092
7138
4579
7352
7595
1654
7094
7200
9959
6345
11367
2710
11520
4456
10633
6704
592
6051
2781
10894
2319
6286
9121
7000
6086
11230
6583
1067
5933
1705
9307
7816
2514
11212
5422
8721
3763
5062
5062
1662
4291
4186
10254
9626
4848
6886
4301
6828
4869
899
9643
6990
7138
2689
10911
8186
6044
2730
7969
9753
1676
6851
8261
1206
3198
303
8602
2932
8461
3259
5802
1617
745
5821
5093
1955
3810
3374
9351
6130
3102
3282
10413
9878
10006
1394
6558
647
1463
3760
1300
11439
9031
3189
2139
7374
3691
11915
5761
8839
5178
8682
8410
9267
1602
901
768
11205
346
10334
7654
1226
965
7858
10197
624
8803
1423
1896
463
2487
9143
4061
8696
1235
2781
4611
7460
5108
5485
7086
8512
6846
11656
11920
7955
9873
6228
11665
1988
5336
7377
5818
1351
5708
836
1249
1469
11544
7494
8990
7996
5373
8836
9214
3533
2536
3066
9744
10741
10900
2361
9259
7909
11970
754
10628
5202
6812
2476
372
5440
11494
6420
1265
149
10423
5453
4420
6003
6011
3875
6951
4440
7500
10168
9399
315
4581
9463
7581
3927
611
788
2409
4541
11771
10150
4421
6755
4427
5930
11379
3636
7247
3789
11303
10468
5298
10453
5603
8329
4397
3236
1769
11355
1383
3060
130
11682
5801
982
2715
11453
2644
1881
4060
6143
322
1977
93
5627
4992
11211
7777
9008
5626
7326
9203
6153
3887
9571
3188
11228
6936
2510
5127
9217
7682
267
9999
7466
5800
6822
11862
2771
2017
2614
77
4339
11678
3681
3678
10142
11558
9010
10954
2768
4153
6492
7270
10837
367
8011
10506
1335
4544
1744
4237
2958
3216
8597
1868
10607
2738
5985
4436
6644
7131
3793
8620
11314
4023
8374
3766
2974
5465
6816
3300
8317
7726
5476
10919
9736
1802
7928
1282
11300
8453
1958
6653
6508
7977
3152
5077
4078
5722
9872
2122
440
11528
9039
3091
3475
10798
10196
5835
11195
10856
4647
1902
11673
6506
11297
11751
8443
3401
8906
2082
4957
10848
5996
4102
6340
7134
551
10635
8792
2191
3896
1453
6422
6652
2772
6083
127
6842
6663
9568
11317
6183
9781
3244
4880
4805
913
7622
10716
2785
11443
7762
5498
8507
10387
11309
14
8052
3163
1427
8531
299
85
7380
11045
9615
3186
6329
1137
5528
4027
1183
5331
6726
6486
2908
8433
4971
11321
1723
11277
5244
11425
7921
10631
5433
195
11814
1716
4302
6339
9405
9857
2310
8685
9850
7244
9952
10232
10653
11600
2900
1632
8754
3754
6098
752
6269
692
6274
4670
4651
3600
8004
9614
4345
6756
6493
6881
2806
2803
2671
8638
7795
9031
4976
772
11378
3731
3391
4599
2916
9511
8809
3265
4536
11671
4764
8020
6201
6300
6798
360
3482
2708
11482
121
7458
10130
2057
1150
6938
7347
5174
1065
10290
9935
2930
5848
9623
1288
4607
9694
1970
431
9050
7516
2289
5776
5543
7911
11769
7604
8322
6152
5851
10963
9552
9892
11774
3034
3629
4814
3159
10679
6067
7293
5253
8983
7068
8455
6961
8056
2988
622
2601
3155
2498
1132
1604
10420
130
9960
7932
3069
207
268
3018
10861
6808
9188
10343
4945
10490
1644
4530
4926
3859
6898
915
7046
5941
3777
11058
9833
5398
8166
3485
2381
5247
3371
7224
8646
6601
2343
2244
8698
6286
503
7950
8823
2822
5061
202
2698
3330
7225
7058
11561
4322
5592
1576
366
2136
8245
2447
3362
9933
9769
2132
375
9743
5360
3371
240
1927
11611
2547
2452
2750
4327
390
9990
3406
5838
2821
3658
887
9814
1512
8943
2503
446
10799
10475
3667
1141
1100
8630
6689
3515
4838
11642
6925
8449
3068
2770
1485
9417
9678
3664
7033
3988
6933
8014
10879
602
3558
7889
11583
10192
251
6859
3738
8127
1615
9111
6359
1210
4005
154
5519
1105
3631
596
11359
5566
4467
7628
9570
2249
1163
11458
1698
4625
4100
1854
5320
1673
2103
7316
163
4524
7048
4068
11660
126
9720
2140
3238
2257
9737
9279
6798
11843
4226
2220
5375
1574
10167
11076
8908
4159
1916
6170
5327
9364
4415
3564
839
6082
5929
11902
1327
6208
1912
8844
7213
8990
1674
8472
8913
7759
10032
1470
11183
5614
8968
5742
6204
624
1544
287
1165
493
1942
1762
2407
7431
1472
1091
8832
8061
2742
6806
8370
10739
916
2520
2665
9549
10099
5976
2968
8466
8365
8603
8375
10864
2786
9299
4114
8513
73
2387
2463
10625
9032
5243
8212
1255
2018
8065
4244
2516
7930
8560
8819
11557
11017
2028
2618
7149
7882
404
8343
11010
5521
261
4881
11581
2138
5608
11550
2040
11651
4502
5885
9682
8466
3084
4698
570
1021
8594
2834
3513
7010
4231
11069
6904
11886
5446
4018
8884
1370
1303
4726
9508
171
10024
6775
3275
10964
6629
7266
9358
9925
8795
6994
9280
9710
10639
11381
7528
7747
1054
9434
5752
9081
1591
2018
9684
724
537
11169
9823
6572
937
938
8169
4443
763
5461
3960
3633
11237
3464
1332
6612
6517
8341
9250
115
4561
3231
4797
2833
8886
5209
9055
7271
10285
3707
314
4094
294
5746
6241
4357
4203
2316
10898
2503
8936
2434
8134
6893
11888
7932
1895
4823
3040
2975
371
9618
2222
11553
6669
6362
10384
9923
9840
2184
1999
954
2580
8741
9484
3804
11855
6653
1550
5108
1903
8120
3874
1041
3756
4821
4291
1178
9400
3394
9908
8959
6099
10439
127
11879
5170
4937
3493
3198
7605
4355
5627
3992
6492
3418
6188
7791
5044
5647
4897
5849
1300
5248
2083
1243
4233
2769
69
569
4980
4200
3879
10880
7301
11781
11337
6849
3157
1755
1600
4776
2408
3694
1441
6105
2144
11708
10348
9559
11090
9985
2548
1757
3717
11596
4527
9380
11395
10317
6433
7466
11900
10489
8961
358
1978
1531
9882
4104
2431
9682
8324
1781
7346
1938
10257
4266
4564
7850
11305
8375
7403
11969
1117
6115
3901
1205
8931
2926
5476
3220
8846
5362
1916
4199
1466
7562
8005
10957
10184
9166
6838
11325
7315
10982
4039
98
5603
10772
9571
3564
6347
7937
11750
5757
10437
6660
1325
10019
1066
6258
10100
8360
4694
9018
8627
10286
10042
3719
8853
2407
5470
9331
4376
6110
3040
51
9105
910
8889
7883
631
5874
6248
4381
5492
8563
7484
10967
7789
4462
9046
1411
4252
11691
3952
8600
3830
8047
2725
10627
10325
12
5195
8552
301
352
4582
3829
11646
2285
7574
1456
6715
1931
7812
1293
3806
858
11295
10836
10030
5010
4620
9846
5267
1189
8854
817
4879
1445
4976
9166
4285
7380
3455
5325
5230
333
431
3586
9724
5756
8331
5583
7150
6840
5419
3724
8923
1563
4881
9684
7325
8769
11466
9208
10807
807
8557
11054
5039
8432
4726
6808
7387
297
10408
9580
2252
8374
8275
1281
1844
3927
9220
6228
7475
6482
5564
3200
2354
2255
4151
4925
4097
11042
481
9086
3841
11416
813
10512
2841
5274
4420
135
6807
6430
2693
2563
1027
9908
7794
827
5434
6926
10852
11864
10302
11340
8400
1731
123
362
9827
9359
5520
5913
4077
9780
8626
2760
4637
4345
10436
5875
4059
341
4971
8020
8843
7725
10893
11558
8455
4350
6327
11850
6561
11108
1162
5319
4286
2827
2994
11366
10361
3560
4125
1812
5474
60
5688
4402
3971
2795
4955
103
11240
1754
7292
3586
5710
8611
4976
10208
304
11453
7237
11216
11567
5361
9371
5578
9323
5509
9705
11997
11855
11262
5407
4096
10991
5925
5802
7675
2355
7327
2859
3110
6207
1340
891
621
9875
1740
7291
1079
3756
9474
7244
4409
11146
8441
3877
5347
7903
1317
9198
6436
10979
9745
8427
618
5339
10370
6973
2630
8596
11772
5298
11660
5884
9218
8336
11295
4074
4499
2848
803
2391
2752
8272
136
7801
1221
8120
3755
6247
10327
11847
11516
6886
11222
1421
10306
5915
8144
2414
5988
1433
6456
6466
11453
10926
2171
367
3150
10611
6026
6757
1495
10749
8888
572
9866
11426
9267
1886
2651
4952
158
11690
8914
4133
3228
8403
2733
97
3512
3532
8085
5206
9343
4954
11445
3758
158
3628
8802
11775
5096
4338
11831
1116
10004
11198
8290
8474
3474
6162
6432
10532
11987
11663
8359
6600
3
6770
694
5533
11019
5901
6824
526
4168
6110
9179
9618
1827
7401
10639
5263
3011
2220
5119
1324
3005
11492
4762
6128
7701
2994
866
1960
1559
3822
5823
2404
879
3912
5780
1434
11249
6249
8623
5939
1575
3391
7104
4600
7024
5328
8520
2594
11484
10451
2375
3541
4846
7563
9751
7469
5411
2340
6915
8214
7200
582
4729
11820
11672
8811
10950
6873
5589
10435
8366
6598
7254
10719
7900
6701
6306
4152
6478
6526
3527
3602
2396
8065
786
1764
4292
1637
5305
3924
5560
8817
8826
8944
4140
6196
9062
6652
4109
6070
1988
8431
8351
5930
5076
1836
805
1857
9454
11438
2411
3480
11334
4871
10835
10113
3655
5181
8433
5010
1960
10096
9625
5382
5960
7722
1968
9876
3982
8424
10677
8690
3723
302
4237
8300
3232
8663
10937
4992
4982
2312
4791
6951
11177
5192
276
1620
8115
5102
8683
9362
11465
5684
6602
153
2737
11781
1167
1113
8
7531
7168
5135
1155
1184
9997
4686
11370
6650
7617
4058
6652
9182
4356
7929
3281
5337
5307
28
7919
7509
8466
5037
2058
852
474
1550
7921
7262
6934
7989
2741
11392
5763
8836
2496
1269
1867
9340
8727
7135
7695
3078
6982
10478
8811
318
10719
1023
4594
8081
4177
10549
9565
7116
7764
4951
8539
8711
1915
9813
2909
3334
8197
4047
9883
5548
7567
784
9291
3462
11273
8700
1876
8190
5762
2377
8529
9352
9296
7018
9955
616
4614
5020
8576
582
5029
3380
1237
11034
2771
5820
2374
6641
6191
7767
8762
1638
8564
11967
4875
1862
9842
11524
4039
4689
5561
1532
5251
3015
4436
245
2438
10357
1834
1850
8351
8491
8358
9439
972
2723
3206
4641
6449
8987
10726
3655
11027
3384
5812
4055
1334
2633
7270
10740
7568
9072
10243
2809
7780
10457
3068
9889
3389
709
2578
2577
8454
7139
954
11182
3936
328
6607
9829
1297
8951
9380
11254
9265
11267
2538
7259
7441
11816
10533
4789
4670
4078
2476
10
6685
3412
513
6502
4530
5549
11992
8831
10605
231
352
5278
932
3288
6051
5369
6320
3528
11689
3151
7602
5260
2620
3747
10978
11071
1884
6780
8702
8732
8245
9610
0
8618
6371
10107
9035
8021
8884
10812
3134
46
7055
9861
1203
5475
2309
4907
5356
6052
4540
2581
4275
5123
11360
1621
681
341
8988
10837
7496
7391
8363
1482
9920
7233
1408
9305
3598
2325
7987
2773
8424
11609
4173
8388
11251
9739
863
7978
882
7111
6549
4039
1208
1698
3239
3902
3197
7522
10058
9464
3683
1781
8982
631
6503
5254
5444
3381
5515
10517
5220
1496
1368
7856
8059
4496
4665
9446
11916
7238
11213
10464
5458
4876
4584
11201
680
4510
3023
5132
9996
1894
10013
6045
7108
11923
2370
10935
4235
11409
4751
6295
9951
7781
10810
3801
1946
7853
2941
9027
5402
10696
10699
11963
6513
3912
4420
511
11811
11240
9464
9976
11525
5446
11687
8786
7109
7816
6399
3203
11365
354
5021
9796
8259
6917
8001
1709
4583
11020
3312
11514
1002
6943
4924
5468
11856
3038
5145
7469
7225
11747
6579
5819
1328
9883
3674
10104
4228
3091
4432
11080
1129
8185
7856
5387
1193
8169
2043
11260
9870
5298
5567
9090
5150
5381
909
3765
2909
11824
11166
168
7745
2525
2128
1047
11185
6763
7040
1647
7096
581
2967
4097
424
5972
11686
6459
10036
3255
6344
716
1501
11592
5878
627
11049
7456
4307
2485
9761
7119
3451
3246
7181
8887
7525
5342
2108
9798
4268
9649
3241
11903
3862
1712
3631
2999
1909
3219
569
11827
8060
7093
6591
6261
5623
232
1682
4888
7604
7020
3559
3665
3096
11178
6096
11945
8785
9344
3480
6208
9587
8974
11603
9185
6032
5734
10502
10863
3966
9486
2325
9955
552
9325
8324
5976
11211
786
3823
4901
5320
2445
7885
7694
5906
572
564
10594
472
3324
3190
7078
10293
8160
6043
11804
10149
7731
7053
10583
7416
4479
2861
5601
6827
8435
5579
11572
905
493
1049
10451
203
10431
9155
9538
3963
5459
9934
2486
10653
10850
8769
4712
7074
5458
9855
8107
2340
11459
9443
6708
1008
9614
1011
9104
9996
2701
3574
2909
2649
8417
5751
3462
435
5168
1995
3236
10204
3587
11594
4018
8842
5451
3531
4986
9334
7883
1281
149
890
10269
2863
415
10761
295
3152
6662
6716
1824
7501
8723
6890
5029
2146
3052
7825
279
1635
9133
1994
9714
10726
1306
8952
10292
1703
2710
9516
5248
2018
3419
9934
3534
3427
1621
9030
708
10465
8807
3642
8098
7159
11484
2400
1749
290
6765
9014
6737
11292
3493
11699
3903
5074
169
7244
8838
10568
7977
8432
7213
733
1574
165
4061
3053
8086
6587
1613
9196
5890
4877
576
596
11249
3105
7486
9089
6801
5668
5790
4557
7099
4266
6810
704
7110
7275
2521
7598
3524
7577
11325
11573
165
526
515
1351
11520
3693
1138
11921
10558
2420
6238
8745
8520
5907
10186
309
9246
11683
8871
6783
8862
9787
1981
6763
1292
11848
11412
4592
1081
4465
10063
3677
11372
913
6828
4515
6686
4169
571
5801
7239
5617
6160
9055
2098
11509
9371
7591
8306
5380
520
11471
424
7082
5146
9244
5526
5961
5885
6813
4733
2942
879
1690
5732
1873
6626
3200
3505
8476
3154
11850
618
1606
682
4135
1938
235
3685
460
11532
4708
4301
7658
1765
2271
4506
7748
4243
2759
9286
11124
1271
2521
11242
9270
10868
7305
8643
1418
6167
9786
3874
3195
7120
2772
5573
9387
9007
6862
5433
1337
8054
1438
7721
10300
5807
2346
34
7242
8481
8478
11602
7125
1549
2695
6682
7605
9225
8155
9138
420
7229
5056
6260
6335
1390
1192
3206
7643
10136
6437
10128
1554
11811
6368
10147
9664
10022
3748
9761
825
3862
2396
6129
5288
842
10271
5831
4922
6794
5120
5313
9583
8727
9102
6170
1408
9773
10085
4716
2802
11879
7104
5033
359
11780
1519
1722
7710
3034
7937
7073
3486
9573
3787
5139
8100
2195
1690
6465
4996
8847
10346
11735
299
10278
11675
2590
5447
2793
262
7178
4468
5365
1930
4701
10935
9209
3334
5290
9482
2228
3973
5002
4869
8348
9863
10547
8189
6785
8348
10553
2668
10665
4123
7750
6857
183
9534
11423
2646
6639
7576
1767
3583
6157
7727
5522
9408
9846
8878
1303
5489
10352
2083
11520
9033
11448
8727
11583
1472
7274
929
4291
6352
3268
2590
7900
2336
9540
5520
10283
9618
1637
3368
8931
11069
1104
10877
3263
6858
7168
5039
11749
5098
11127
10241
11833
5212
6638
7324
9454
3285
8164
4718
1153
3549
6150
8433
3347
5487
1343
10633
6289
11661
3740
7921
8557
3460
6199
154
1614
4334
4615
4722
7065
917
3846
1739
1671
1582
5175
2385
9018
7519
1151
1937
3929
1356
7003
579
2282
10620
2588
1100
10857
10017
5000
2905
5139
3542
7432
2552
11728
10861
4817
2055
8056
8182
4986
5761
11583
2016
7778
2381
1448
8762
3486
5058
5771
9982
453
10904
1353
4496
11382
10455
5493
133
1052
2828
11946
7986
651
2107
6765
4456
1825
2584
10813
11145
4810
8959
2230
9851
9619
4470
9901
3432
3323
1136
6234
5255
5786
11925
8074
10205
3047
8614
6585
925
9598
9486
2191
1991
10408
5723
11434
4139
346
8472
10631
8461
10973
4027
2678
10647
8297
10446
6188
5913
4080
7127
6318
2137
3684
11500
6250
2060
11221
11941
1199
3038
7880
5408
7196
913
3825
3992
2540
943
1965
6699
4926
1571
11127
5273
11689
5952
2821
9690
10436
7696
11794
8219
6516
11235
7947
6532
8388
3480
7972
4332
5869
4110
5167
10313
1566
10908
11441
7023
4522
11925
6385
8264
11154
10094
10529
7198
10017
2057
7588
1118
1764
11509
1472
7148
7850
10313
8234
11665
3124
7879
2897
5284
8392
11030
10231
8553
7349
4565
11074
11264
7998
5181
3650
6380
3730
6210
642
6063
11700
1764
9366
6130
11946
8461
6453
4528
3919
2800
11785
6981
1630
10551
1227
8969
8617
9204
1832
11561
9210
7544
6669
5326
11308
7856
5379
9675
9945
8048
2744
470
10350
11148
11275
558
6080
6175
6759
6175
11941
7308
4153
8703
3043
7556
939
10311
2245
6811
10193
3308
4597
8214
2163
2808
5059
1156
6995
6392
4881
8073
6534
6933
451
1312
7764
5620
6255
11922
450
9427
10796
2140
8941
10893
10875
9610
4853
10058
3616
10073
9485
8744
8909
2286
2332
6122
7662
10357
958
3585
1334
472
7734
6452
1647
5156
10595
1862
2221
6764
5982
4473
2065
4802
6522
2151
4433
10968
11745
10856
11503
1508
5306
9251
3662
4455
4650
9314
7882
5823
4992
9324
10730
11541
697
2089
2040
1135
5821
2115
9055
6687
7564
2675
2079
10514
11779
9313
9239
9315
10448
4325
1906
5197
5160
5093
7663
3032
6145
3892
6377
11011
9317
5889
7041
1072
10012
7541
478
4022
9769
7438
7832
6737
11507
7892
961
5724
10828
153
2447
4646
958
9133
7848
11046
3940
8863
7171
1582
1254
11648
242
9486
10882
9971
1706
6739
5109
2713
3853
2669
8017
2070
9288
158
9585
2805
8663
8619
8755
5080
1260
1161
6540
4068
10160
10043
8406
5934
9066
3564
6679
483
6551
10933
2590
3871
1547
3487
9866
296
3388
8769
5378
11379
492
530
5391
10242
8017
4634
8342
1838
10349
144
4835
8114
11282
8526
4669
1907
1024
11962
5238
7230
4901
168
1533
1701
5688
5914
11212
7337
1935
617
6879
6812
2514
6904
7687
1498
6771
4969
3797
7205
8269
7857
5963
7526
4052
9440
666
1060
10675
7926
729
11482
2956
9149
8222
10581
5471
5663
2734
1815
8267
1874
1739
5841
11091
7937
2765
11666
8639
93
1489
3692
8881
10419
1629
5902
3500
8599
11645
11798
11779
4408
3777
4411
8987
11989
4814
6838
11378
7805
7282
8217
10368
7325
10355
6918
295
1033
1801
5956
11337
266
7675
1243
5765
11701
1230
5259
9638
5952
646
7104
1388
6797
8695
595
7418
2967
4347
11207
10944
10228
6576
8109
11730
7646
2278
11416
1202
2478
7208
1020
7630
7040
7230
5934
3642
2204
10959
2107
9261
7840
1976
7984
8019
558
9337
4842
9365
5542
6968
11030
1679
10023
5809
9712
10644
5158
9195
588
3560
573
5993
9278
1375
11778
5379
3672
4790
2954
3910
10522
4729
8259
7695
1919
6819
1867
5953
6015
10186
358
7164
5452
2984
869
5253
475
6492
8599
907
11507
4456
7778
2115
10241
2563
9165
429
6892
10462
4383
1187
4220
9769
9123
1095
8316
5732
3248
3047
9854
10016
264
3991
5627
11070
9423
10868
10653
9041
6874
4316
21
11987
7843
3837
8836
1360
1715
7494
8262
1306
4217
4
5635
263
7524
5179
2951
2671
6210
10231
2803
1314
8321
2308
1908
4874
2704
11901
11875
2739
5828
9398
6702
3922
1944
2081
728
5154
7289
1234
9377
4779
365
795
9989
44
9997
2142
1426
5683
8884
10079
2832
7407
2816
5004
6056
2978
2480
9497
10724
10000
7999
10187
1791
9376
9826
11789
648
6596
9600
5576
4458
9569
10803
1317
8367
1686
1776
11854
1612
8116
8661
984
5262
4030
9269
8229
432
3530
10658
302
1308
1506
7384
756
9152
1475
1934
8271
1714
2643
7732
6450
3056
3010
461
5756
1792
10298
3060
5336
1101
2790
7825
7016
3588
11872
7453
11626
10199
11157
9664
11069
4834
1494
11202
10197
5219
9024
2551
10566
9757
4599
8647
11521
7748
11502
3114
834
6302
6320
8277
1243
5656
11163
10193
6771
1308
116
9397
7563
10520
6885
1839
4265
4185
4052
4650
8600
944
3175
3937
11796
8642
3161
10695
4915
6833
11928
6260
6912
1018
7311
337
9347
4658
7500
8749
9234
2740
8984
8403
9357
4759
5058
3815
2671
1491
410
2671
8035
6750
3098
3461
8518
599
8463
2134
950
6040
2073
7016
96
11222
745
3903
1011
9556
2039
285
627
6851
11278
3058
10511
9681
5256
7913
997
6705
9234
8713
10531
476
4643
7744
9086
1540
9114
10631
4871
3218
2039
10998
5346
2432
11804
9649
2676
11318
7162
3033
2271
4081
4927
241
6942
7647
7210
6518
476
5179
1920
489
7060
6328
8014
3791
9002
3386
6245
11781
575
2040
10668
10213
575
5474
6169
9519
338
878
6560
5305
11439
165
525
9140
10212
9817
4725
7477
10479
232
10883
2741
3512
8831
433
5129
5272
11394
2550
8617
1344
4703
955
11941
3761
4559
11815
10994
3028
4584
11404
1128
5209
6960
11877
2261
3757
2348
6591
4477
5116
10732
856
7003
1680
1773
1809
4944
1761
476
6330
6122
7577
7623
2468
10624
7047
8353
3804
6349
1296
2653
11509
4881
7322
266
1541
11440
10118
3591
509
10437
2842
11666
7177
2359
7239
4156
5407
4217
5550
6527
2537
739
3518
140
6767
10754
9852
4055
8076
4918
687
6613
1506
8932
2040
654
9373
10855
5175
4297
4004
9891
5063
9712
1087
9207
4725
7150
5516
6863
2293
4748
10814
8883
4985
2211
7821
4756
6970
10470
4243
8355
10224
7757
10008
4276
6994
1286
8064
7039
3370
6807
10341
10380
9741
1818
10019
8021
7520
8033
4115
5864
6568
6970
2540
2455
2106
9114
9425
1879
3682
2082
11384
894
9889
591
11777
4167
5048
6743
1692
11887
1946
7260
9450
831
3999
8776
894
3112
2825
11149
8541
8409
7234
5979
874
3352
1044
11145
11620
78
9856
4132
8834
2612
5102
9283
10896
10762
11148
2847
7257
6676
171
4783
11837
8950
7729
3792
6410
5389
7647
7854
8162
4029
11789
6840
3794
978
8730
4317
109
8908
1057
10685
3980
5691
201
9111
6930
8751
10182
1485
3228
5067
9571
1701
3508
5609
194
62
2340
6123
7778
7462
2037
7734
9724
1219
6146
4759
8595
4062
10676
3401
2649
1713
7053
9681
10925
6915
101
9999
5832
4437
1084
11125
7162
6727
11880
4226
5635
9350
3822
1705
7773
11199
5591
10151
10878
4712
679
3651
11295
1926
4604
960
8902
11164
8920
11756
7892
4544
11452
5178
431
6194
11860
4326
11676
5165
6705
7160
1878
3555
8653
9412
11934
1150
277
2658
2791
1165
6097
651
447
9271
11094
9245
1097
6035
9881
11985
7081
1307
10018
2406
1819
11786
3687
11569
6798
4110
7985
3092
11936
11294
3580
2165
8286
4208
6251
5524
7066
9999
2095
2314
1360
7974
8679
1056
4633
8450
3455
9584
7311
11419
10989
8886
9198
9608
6335
2190
11390
8645
4893
3414
6618
1467
9595
2295
3563
3025
2033
3042
6718
535
11404
11262
8757
126
1647
223
5129
4734
11179
2185
2724
453
8883
3539
1986
7240
2758
1973
8723
1043
9686
9614
2133
9838
10227
10299
1184
5959
3179
1669
8533
1320
4836
9691
1518
729
3456
2492
11535
1484
399
93
10262
4790
9710
8640
3675
10274
3635
6160
10713
6964
6626
7668
4694
4607
2838
8606
6234
23
11948
7163
423
8446
1325
5892
8398
9400
11153
7410
2230
645
9063
7553
4150
2066
6145
8462
4686
4135
4916
3465
5144
8653
11899
1418
6127
6985
4910
4340
9448
2839
5969
4714
7780
4880
2969
11754
8768
9066
6791
5214
6135
1585
9513
7004
9375
622
3690
2902
8222
10912
8359
3082
1901
5144
4530
966
6471
10764
3342
3074
10188
9580
1911
2090
8832
6785
5077
11282
4339
3664
9848
2718
6813
6168
3279
6349
6169
11952
1847
4126
7126
5174
9082
4701
10204
3454
4305
2059
3592
899
2745
9603
6423
2923
2149
3764
9002
4845
9205
4105
9894
10843
644
4197
5579
2830
10872
5210
5485
2156
2281
204
11735
800
10095
7520
6833
786
8683
4473
9778
11075
4728
7694
11713
2002
4434
59
10256
4589
3208
3989
11018
9659
2761
7276
3600
1650
4576
195
7484
2384
7994
5744
8737
8799
3853
10252
3362
5726
4722
9402
11352
4285
2198
2859
3187
6348
2558
7280
7467
9714
4275
4349
8832
11278
458
1815
11006
427
244
5155
11008
6289
1488
7530
7027
10141
4793
2141
8388
2443
7988
7845
3277
8403
649
8106
4521
2847
2025
2849
11763
8414
8976
6759
7718
671
3091
7798
10991
1755
8085
2449
2066
2476
9935
9161
2557
3571
878
4969
4763
1888
8480
7993
2756
2757
6458
8710
3926
11684
2717
7450
4888
10697
6305
4466
6053
1319
4530
8219
10922
9093
10463
5205
5311
9948
5345
6684
6200
8443
4143
10077
1823
11993
3546
5613
5845
11709
6174
1967
7121
3296
8564
2155
4555
4716
5721
4901
1940
10907
5579
4965
442
1843
2688
2582
6524
8561
11733
3235
2597
10539
8232
2364
6618
10872
9798
5437
7051
9220
8814
3962
9316
10316
4209
4568
801
88
8192
7191
1935
26
3391
5709
8577
9423
807
4030
10091
4467
11288
2671
8021
6894
8949
11310
10144
7018
6034
9548
9944
6432
7154
11328
6194
2528
6679
3962
3343
2222
4240
6669
8782
9870
7888
1793
7840
8341
4400
2552
3485
2565
9540
6210
11224
5620
3793
8981
573
6503
11155
8769
4758
10239
2026
2005
7889
4812
50
7408
7934
1640
10978
2387
138
939
1177
9115
1338
2271
10371
970
8748
5956
7531
66
1297
4732
6505
3043
3484
7176
9080
1044
8999
8862
5604
11008
7969
2097
5118
4923
1720
2306
4162
7628
6309
4733
7970
4016
4876
9123
5740
5179
4969
6382
977
6088
10528
9971
4612
775
5091
7866
8669
833
3048
8420
11704
5182
3414
3305
8065
9597
7591
4943
9226
3418
10977
2457
1003
6165
8064
3121
11440
8417
9763
1683
6442
3394
4250
7626
3968
76
10475
8576
10636
3489
769
511
5072
970
5598
305
127
4734
11540
5365
3327
3036
10932
10715
1450
8452
10422
3878
9106
2520
7759
4245
6502
9009
1705
365
4296
7482
8818
1688
1471
655
3115
4779
9680
5168
6270
1860
8263
1990
1018
7794
392
11527
6802
2213
2344
5865
485
466
2868
4188
2070
4446
5916
5502
7892
10049
1733
11177
1627
2156
10355
10641
2728
6494
8019
6694
6531
10577
8823
6506
6288
5192
7155
215
8782
9456
2995
3385
9907
10494
150
244
8781
9109
6792
3621
8427
11566
6375
5002
9969
8711
1078
3818
3553
5122
7387
7344
820
2857
215
9049
784
10577
6205
4210
9367
3448
10404
2870
2571
10179
7452
3897
6429
10947
10753
11934
3397
1650
2812
3466
699
4055
6962
11002
7435
5901
1190
7556
11889
7840
6571
5143
8460
7354
2024
6926
7082
3391
7689
4939
6689
11423
5154
6006
8479
9018
111
9461
8217
10705
9681
11763
7693
6064
4771
6838
3731
2416
5229
7171
8787
9360
422
5213
10154
10634
10037
7588
9211
9385
9493
1863
9911
9888
9304
1336
6808
8169
6029
5311
9483
9633
10203
10779
4076
1987
7635
194
9911
10171
994
9196
7841
6890
8357
11715
8934
11564
646
7746
1528
10125
412
9450
1430
8066
4407
5825
2185
9486
11692
5322
7829
11653
5726
5106
5454
5642
4966
7539
7166
7167
1958
2566
8632
7495
3698
11276
2463
8643
2282
788
5027
5606
8404
5928
5087
5356
11228
4844
1752
3748
2474
5697
3780
9130
269
2053
8144
9620
1376
5335
11012
9470
2872
7902
4980
8776
6164
5833
6346
6057
3440
445
3656
8812
1212
5841
7476
3139
1575
457
7501
3869
7107
1637
10614
9396
68
5655
2404
480
10595
5425
899
5793
4052
6277
10923
8824
4540
10763
8493
2991
1728
312
7042
2426
1783
4924
9050
850
8097
1685
7759
8353
9846
10982
10210
1577
4113
1692
665
950
4387
1413
8809
3064
2678
2977
5696
7168
2346
8026
10468
9965
7907
8354
8226
6522
2682
1
6225
7054
9078
5768
7667
3739
9642
4846
7905
10413
9696
5693
8759
7126
8473
2059
6870
3002
11085
10259
1714
8721
6504
10299
11847
8150
4935
418
4390
5269
3511
11863
491
5520
8226
6424
2658
6055
10306
9254
6356
9088
8951
5950
151
671
9445
7659
1957
5693
6053
9118
7551
6736
7006
8115
9577
7695
6008
8746
8590
8624
3330
3158
10508
8293
9469
5113
2941
9262
1677
5777
6385
3048
399
5535
1171
17
8683
1437
1296
4162
1105
10046
5920
4747
7581
3994
325
1051
7605
9487
4485
9040
8073
3280
3221
3771
6746
1298
980
8707
3792
3172
10845
8831
3488
7302
11241
6559
7276
3926
5073
5948
1796
8792
6655
5524
11366
1586
9837
3297
5533
5209
69
1157
4963
8251
7959
3779
802
9708
1973
3571
6054
4016
7465
11886
4141
1907
10108
1857
5939
10361
2038
9680
9
5128
6690
3021
9570
9806
5294
11461
1965
2408
400
4505
11934
3614
5544
9642
6980
8596
9335
2318
5398
10345
2716
11401
11294
6817
4074
7836
7932
3061
4111
8647
7245
607
1040
1324
9147
1969
2668
2847
3485
4022
7331
5204
10051
2311
395
5258
6013
11006
1177
7142
11459
8287
10657
8127
8440
319
3225
5986
974
2816
11987
9377
6917
11326
8783
602
3457
9927
9073
8356
10133
4944
10239
8661
10919
1579
11632
1177
5818
7031
5788
1423
6743
3704
8799
7199
4176
2537
1663
3557
2165
3279
7738
5207
5646
11690
6037
10053
5941
5209
4125
8815
7445
2529
3760
11271
7112
2829
7185
9668
10291
5074
112
169
5791
823
4953
11964
1740
3439
8739
6762
9903
4345
10428
860
3548
1169
5945
3858
2784
11152
8297
2296
9498
10111
8514
11114
9581
10540
8898
10800
3095
4114
3232
7467
9350
7878
11089
8802
7557
1852
11275
8974
6801
543
2706
4018
3532
2063
9649
125
4587
2043
10272
2445
8954
1512
10839
9658
4081
10138
8633
5515
6457
4963
4850
936
9541
9743
8194
2954
6784
11470
10806
5929
1606
8422
4423
7899
11592
263
8279
10843
5030
9254
5300
3802
2098
2553
1518
4453
6580
8889
7376
11696
10960
532
4765
3171
10022
3571
10121
9343
1848
9870
3801
1919
2117
935
5229
825
4099
9014
11925
6829
2546
2376
555
10129
4885
5570
5516
8835
1686
7782
9344
3251
4334
5089
7356
197
1164
1427
10450
10397
5995
10522
898
6997
3101
829
8184
2803
6091
3673
9625
5675
983
1361
11486
5729
11985
6919
6701
2625
4058
418
7090
8178
3254
2522
7062
6913
10212
11931
4343
880
3825
5799
1132
1174
1215
9030
4358
9096
4575
3475
4340
6703
1275
11654
1178
1779
6821
11494
7585
5821
2826
10895
5607
5646
4127
5603
861
3548
10458
889
1395
11707
10845
8992
5171
9617
918
8030
10444
8795
8808
292
2934
906
8112
10331
2704
1643
10612
4233
8046
11310
5012
2696
1434
6066
8888
10245
3752
7102
1404
10932
5494
4777
4002
3317
7537
849
11396
4275
1356
6398
5601
10397
9162
7907
3604
7238
4482
5205
2423
8636
11061
4553
9942
6575
763
2165
5793
768
7237
1802
7934
8154
9676
10790
11234
1932
3846
3951
10473
1548
1838
10381
1605
9222
7641
7900
7950
1125
6627
4192
10200
4272
7441
10296
10671
11443
4543
7063
1212
6160
796
4549
10481
7746
5978
6076
7
2946
1033
756
7536
1361
1071
775
8606
1124
10837
8602
11109
10784
8313
4492
815
3291
11553
10263
10394
2256
8586
11342
6421
3336
8373
1365
10196
10634
10296
8418
8863
7431
6583
1053
1446
6337
2274
7735
7817
8144
1041
7206
3462
1185
10121
3486
1114
9941
4057
7857
5869
904
6672
3127
3396
3402
7854
6847
1110
3116
6239
7873
5958
4433
8764
783
1462
2600
3314
1121
1175
1768
7353
3323
9488
4613
7401
6367
5951
7070
9637
11856
9835
2090
8655
3154
9604
8919
9549
6611
5311
7500
11985
8603
2609
6986
7854
3240
3154
5158
4309
11067
5628
5694
5663
2936
4423
4804
10624
9469
9240
5648
9724
11120
4424
8226
1568
6849
1799
10157
5669
10744
3105
3736
6135
1691
1835
7121
2375
7270
3325
10296
6233
11556
2433
9585
1626
1350
1935
4086
8738
10584
1993
1271
2236
281
5588
7314
9729
1398
10813
8367
6811
2255
10189
10058
573
974
9901
5879
2320
10469
5926
10955
524
10999
9445
5840
8649
5138
790
9509
7522
10294
9362
5678
4301
8449
10508
1833
1846
9826
3350
6034
9436
8519
1813
10619
8315
9858
2860
10322
9387
3385
6976
3126
9687
1800
413
5348
4866
9092
6519
9985
10944
4291
10685
9260
9992
10908
8019
4629
5122
6066
6776
143
2348
7731
7954
6127
2369
3150
4095
9548
206
2713
6480
7230
10901
8941
7273
8256
1123
170
8084
4426
5518
2701
6530
6571
11056
11816
4024
1799
6362
1036
8918
2440
178
6353
7480
7480
9590
7879
8866
1697
8571
3497
11343
8510
6623
9547
9438
1725
3956
452
5551
8880
7653
4411
4731
842
8642
9903
1913
2577
78
11716
4850
2695
7863
11564
5321
8409
3534
7118
7849
11967
6673
6330
5294
8415
2194
11467
6092
8696
5572
5079
4755
6665
6015
10388
9441
11491
4036
3174
9981
8224
3594
9215
10691
6960
124
6710
4633
9105
4315
2813
1678
5626
5324
11552
5800
6989
10447
2843
7486
7650
828
7210
2968
9509
2878
4011
1167
637
4390
8602
3848
7911
3149
1853
8396
6834
11952
1749
5971
6867
1457
9604
6494
8020
1196
4448
3985
253
11307
688
5229
11371
7215
1969
1567
1687
10485
6387
3814
6608
7450
835
11872
1609
11009
1229
1548
11725
4081
2707
9451
1728
11755
3649
2482
11588
11044
3448
3549
4598
10403
6459
5577
4704
3836
5394
9701
7153
2394
2682
10734
4456
1288
9888
11571
1974
5565
3300
2154
109
7476
8122
7925
5100
8127
6451
5417
5873
940
3329
2683
167
4668
629
5733
5321
5385
4385
2964
3683
11846
3441
9762
9467
3034
5846
9042
3233
6445
8452
8435
5794
6809
8493
7142
3406
7470
3677
9206
10533
10504
5410
2991
9242
10948
265
9137
7482
7131
5655
5056
8007
5108
913
11261
3674
4605
2563
1375
1073
8612
8575
9620
3180
6940
735
920
8718
5514
10991
3429
3352
4132
2754
9405
9636
1605
11600
7756
794
4896
3680
4454
7949
9838
377
7166
9367
5434
8360
2071
3524
3480
1138
5741
11523
6397
5620
9315
4394
10680
10868
5888
7255
1228
4366
9102
7072
11124
9608
3381
3975
6037
11644
6081
5561
6435
6464
5029
9607
204
3725
9467
8851
3007
6264
6420
10194
9861
4235
11784
1716
8936
425
2143
316
5436
2391
1428
2576
5719
4577
7918
5616
7425
11394
1975
3260
2397
483
5056
3735
5577
6013
2144
10437
6812
2800
8671
943
7640
9422
3358
3522
3649
6243
8060
8771
8866
2317
6809
10858
7936
3685
10683
3942
426
2384
4951
4968
1675
4743
4156
5887
5921
5144
9352
4669
8271
11396
1684
1160
6153
8235
5808
6848
10442
6192
3349
11033
11331
8172
6671
9705
8260
11573
8691
1572
2883
5629
1277
8245
1029
5880
2980
10501
10046
10302
4425
1828
3631
579
10623
4136
1409
3386
9813
8564
7051
10255
114
697
6569
10721
6361
364
11723
9919
3954
3284
10092
10649
2335
11427
1384
1179
3967
8834
2933
3634
5201
3972
4108
11823
11420
2326
3491
9693
4128
2006
6180
350
6388
4556
7483
2669
5062
10928
3504
12
3769
4776
8790
9422
3294
11763
10186
11900
382
8471
8459
4953
9437
9828
2996
11627
4562
1608
4031
5531
7750
620
11355
5159
4682
7615
2364
8860
4711
6725
1539
330
16
8423
6128
9334
4774
6551
10756
3599
4367
7836
11137
7431
5230
10672
5774
10587
7893
2548
6694
7281
9091
4591
11779
9946
5527
1097
10123
11470
9918
7703
4125
11108
11445
6047
1654
1124
1517
9275
6644
1458
5976
9705
838
304
8433
1222
3207
5473
4396
8662
659
2779
4141
6487
4191
1387
8013
9459
6526
10217
6883
4820
523
5918
8975
672
10297
1837
10056
8744
8988
4603
7223
1718
8526
6566
7074
5519
7458
8301
996
1674
9098
7765
1638
11890
5718
3392
11335
400
9419
1551
5317
11425
8570
10238
11984
7287
4341
4770
3376
3224
2870
11432
11121
11890
987
3673
4773
9818
7185
6407
6348
3779
8654
5333
7237
3037
9731
7928
5340
1880
10960
8856
11354
9650
7276
3030
7601
8612
2411
4425
4591
1579
666
11937
1731
11123
6561
3240
7161
6474
9653
9522
11629
10909
7928
8380
10674
1451
4702
4844
59
6121
8852
7651
3476
7793
4437
1314
5001
9853
5452
455
3605
3406
2407
7031
11198
10717
3870
1738
11297
4827
1839
3847
10334
989
8953
5053
11941
1586
8060
2697
10263
8628
4569
9788
7424
4708
11235
3740
8697
469
7707
4616
8785
6171
7130
6869
9797
6883
5549
6200
10087
9090
10535
5126
9068
5200
7678
3201
2445
3456
7042
4572
6995
2196
4591
6650
6123
5189
7848
9164
6834
2931
10699
2714
5626
3346
3240
8176
2980
253
979
2911
11702
11236
9452
6720
5339
2245
9447
5825
9184
276
10554
10912
4121
9923
631
11353
8595
2359
8050
2221
10479
4486
4214
3553
2419
9548
9857
10566
11410
6394
10015
1115
1994
10883
9331
2683
4348
7603
11481
1523
9912
5098
8023
1337
3868
1223
869
7943
1876
11054
6823
1902
11919
11915
10279
6890
6919
4674
1178
11871
6013
9318
7716
7710
5916
2182
7045
1833
2787
9800
357
5943
7303
8446
3253
3470
5367
2834
4178
11595
1940
8212
2956
5124
5948
1300
10140
10376
6016
1035
1830
6465
2015
1994
8079
4948
7939
11705
9703
8831
11629
5661
488
10231
10127
10956
3283
8765
4201
8834
1357
11814
11613
8259
657
5306
2165
2780
6248
7514
8399
5498
5225
10583
11987
5861
6764
3136
7473
7330
1759
8251
9922
2582
5606
4480
5410
11009
10239
11324
6942
1648
3364
2632
5488
9495
2152
1946
4265
8317
3236
599
6225
8619
2917
6652
1890
9337
10831
334
5277
2125
11115
11655
9579
11781
9241
4180
5608
7371
4190
1726
698
67
541
3810
1849
3483
3294
1191
4331
2455
3899
4677
11789
782
4955
10610
6114
5332
11463
5051
4888
5243
10228
11669
3178
8569
2199
7666
2771
4825
1005
11851
9652
2251
8847
1035
5587
11433
4170
7414
4128
8085
8177
6486
1189
3332
3243
10234
5523
7763
7704
1952
5029
11799
213
11056
10745
3605
9047
4566
9713
10815
5209
6703
10610
3748
11091
9119
2115
3590
10702
5786
3397
3201
3133
10409
4997
6717
9891
2461
498
11061
9184
4548
7034
7764
1953
6790
9557
9163
7591
11256
8179
11077
1837
7235
7541
6499
9158
6201
2288
1620
3257
7852
3146
8670
3936
3423
9924
7621
2570
9716
2982
682
5853
2903
1260
1846
2198
1131
10928
8388
7357
1303
8015
8276
11288
172
1119
6858
7244
2942
6325
3997
4250
4105
11944
10985
1838
7048
7491
1101
4872
3231
7517
2627
707
10328
4512
384
10679
3698
8004
11565
11070
6916
1332
3646
3184
6837
9268
10595
10081
6730
6718
10393
4747
3561
7214
8033
11158
296
9693
11726
1664
9375
1294
3942
9524
5083
4455
9226
203
544
10558
7373
3136
7397
3679
5624
5224
10973
6704
2915
173
872
6158
1058
2077
4329
7525
9854
11261
1620
7673
7710
1439
2973
1191
8240
3592
7076
3033
2622
5768
10233
10780
1152
1123
589
2206
5486
11037
9571
11480
5463
2024
10799
2450
3212
4432
3191
3887
6402
11537
9864
5381
10052
5678
7635
9819
10206
11437
1560
2890
3109
10663
10907
72
8163
2241
5323
2835
3989
11041
6689
6525
4344
5367
5263
431
4430
2475
8173
2041
10310
11385
8212
8253
672
5200
7075
10563
9111
7557
9835
8786
8397
3576
2368
838
1849
4821
6872
8428
5000
2298
10281
8189
1125
11396
4536
2886
1029
3944
6120
7755
6649
11188
7136
2869
1548
3522
3442
1625
1326
8152
6945
8013
5256
2697
11147
5283
9099
8796
1396
11954
140
1367
8018
5789
6854
9999
11611
4471
1455
11259
5268
3117
1689
2301
6346
11628
849
7210
6637
9069
11830
1852
10380
1817
10405
10826
2581
1200
4507
7185
7394
4655
4413
163
6113
147
3071
7984
6397
626
8668
2125
8823
9822
2664
8025
7743
6411
2077
7239
2640
6862
8723
3451
3772
3814
6393
9477
11887
763
11635
4566
8151
11220
10852
8807
11148
9134
1816
310
2925
11496
5532
9142
3530
11476
530
7589
7359
5252
4202
11345
8839
7917
739
2634
7597
5405
492
3983
2234
326
3276
2566
5189
7947
8148
5489
2893
4216
642
4322
1539
846
3197
10406
11252
10876
3730
7132
2316
4005
8797
7383
346
2138
5755
11710
8870
4200
2581
11606
1819
3210
8711
333
2714
11912
1290
9318
6135
5996
630
976
4104
1982
8492
3114
11540
6315
2953
5684
770
7014
6176
1678
7326
5459
10307
8342
1851
11433
6032
4633
3942
9498
7979
10020
7070
5140
11202
177
9499
2752
3397
11073
8196
6669
6305
8175
11209
6865
10899
144
10860
775
530
388
11321
3893
4096
1275
7739
2376
7597
493
2079
8829
9129
3268
5180
5771
5377
9583
7274
3988
11109
6487
4311
1046
4974
5811
8915
2679
9035
5261
8661
2612
2066
5853
573
8569
5506
3070
1370
1766
6298
10853
3955
188
8491
4681
6005
10226
11517
10538
8238
972
5493
4398
55
4547
673
6162
10723
10275
5365
4616
5129
4339
10141
3951
4351
5777
6110
5834
8922
4212
5307
5727
621
2703
1929
8311
985
10379
6170
2389
11478
2278
1847
8521
11349
3817
4798
2895
687
836
11184
601
8052
2930
11400
2457
10269
6013
2186
7948
4611
5625
4840
586
10527
9434
11110
5136
11493
1723
10363
2677
9220
332
10057
1336
8627
9630
2354
1806
10421
11500
8843
7402
10999
10187
4912
397
4618
19
5226
7799
2387
1624
10039
2454
6596
4170
4762
1542
7283
6536
8240
6000
4649
955
10600
11319
10035
8809
9343
4427
11675
7654
6512
10974
9270
5409
6308
8402
3685
1830
7450
510
6640
963
5860
7021
2296
5218
2935
4802
7938
4053
703
5861
8735
7904
5564
3175
9629
3142
1147
6631
3906
224
11938
4028
6846
11057
6916
65
4078
10811
10315
1672
1895
5944
6960
10747
8720
4199
4267
11558
7321
7630
2042
7531
4056
10414
655
11063
4576
3301
11919
241
8859
9972
9212
7
2333
3425
7900
10295
8052
704
8029
2072
5509
7838
2584
1964
6655
3839
239
11300
9023
915
3576
7899
7625
9746
2210
10831
1352
1759
8968
1627
8133
10787
10526
2068
1919
6308
9393
8674
3832
7673
10061
9426
3377
9300
452
2986
5657
10762
4443
4847
4813
9015
290
2327
4709
725
5209
11244
942
8709
10144
11321
3760
7979
2936
11063
11318
7666
2639
3813
8936
5340
6654
9108
8625
1790
1643
7213
10128
7286
842
1828
4087
4663
8469
6512
5660
4284
8287
4218
11039
6981
229
617
9779
11570
6125
519
6718
11296
1125
6704
8503
10834
9338
11881
3312
5988
2484
3234
388
10212
3029
9163
6316
9388
2336
9333
9734
7008
7744
2045
1244
5961
6319
9177
10809
588
1163
2617
4737
7500
2719
9079
4614
1835
10438
8625
3130
7216
11438
1936
748
618
8493
10541
498
5678
9690
713
7916
11678
6559
5627
5262
2508
8214
5637
7624
10360
6270
5174
3365
6749
2810
765
8615
4608
5588
72
5099
1849
8989
6606
6588
654
3875
8902
3605
8157
6541
2472
747
6812
2400
11709
10106
4872
7802
3215
5726
6808
11579
7625
9916
4356
10438
2038
445
5059
7243
5534
10272
10741
6528
10041
10427
9334
9237
11920
6030
5744
6747
6180
7145
11208
2636
11101
4292
11613
5449
10310
6923
3734
893
8001
11980
8141
7438
2979
10959
6765
1190
2632
1430
11640
240
6648
7002
1327
5317
8477
4044
2825
10652
10018
4231
1486
6351
1919
5042
5520
3382
8116
3896
3123
452
4908
11366
9100
6572
1830
3250
8027
2061
2030
7784
6601
11993
7556
1335
751
7795
8151
11237
3422
4720
10629
2152
10637
1350
5807
4480
10524
80
3221
1780
10427
10691
2512
1058
3070
4667
10350
8977
5907
3841
5162
4671
8413
1222
10713
7818
1970
554
11691
971
10358
175
9976
1909
1557
179
3171
2832
7621
11658
11212
6737
4866
1005
6518
5159
3403
10753
2168
3685
3274
5385
965
8257
6009
7816
10001
4274
1379
3938
8499
7827
3428
2637
1193
4174
7596
7128
3412
8626
9788
251
7289
5527
8712
3506
11147
1843
8628
5196
8141
1132
6845
2925
1608
5233
4890
10008
7333
9044
8205
2021
1113
4060
4564
8755
5448
9122
100
251
10150
5892
7902
9408
11858
8084
3591
5790
1119
5304
9122
9840
10709
6613
4229
9586
9222
5516
10537
1257
3765
5051
10294
4861
8683
7040
2006
5849
3792
7248
10954
371
1461
8360
3656
2472
11147
9093
5771
2697
4637
6703
8780
5140
9249
9284
3972
5894
9634
1946
2835
10137
5597
10882
2907
5768
1455
9706
9466
10544
4018
9199
6122
11094
9103
8656
9479
3970
807
559
454
3069
5361
2120
1676
6299
4432
1484
6594
1289
5093
4991
9486
3225
9479
10856
8514
1559
6250
10018
8301
2406
2514
6591
2193
9823
8749
2510
3452
4000
8516
11385
11073
3517
1392
11502
11739
10406
9578
1065
2640
2638
2002
8438
2431
6985
2521
8103
3582
3828
10944
7397
677
4580
9120
7838
5926
1767
5216
3945
7229
9615
11588
5945
3581
1181
7252
4614
3415
6572
5011
4708
9714
9746
1649
6098
1264
4657
1392
8635
4374
5200
3952
2186
5738
11429
2984
4974
4786
4953
696
3484
10952
3212
1576
1659
9747
9488
10865
9982
11338
1068
3416
4255
4532
1865
5939
11504
11655
4142
10430
8422
11738
8598
4700
10087
10776
3164
11415
3476
8495
2238
1987
1344
9169
11918
3878
9565
1448
4922
5537
10852
8998
9459
10193
6027
1955
11210
2120
8610
2762
890
6746
7465
6902
11503
1118
7622
9395
11489
11743
7093
9568
4323
6723
7641
3754
11978
4344
1897
7960
8775
935
131
8408
3742
10812
5155
5040
7470
10519
1489
7653
3786
329
2873
10266
5214
10108
573
6683
8230
4168
5666
6862
7761
4604
9581
9825
4139
10879
2654
8254
3919
1069
2340
6771
6485
9169
10897
6079
1315
3268
7035
10724
4038
1152
8932
11194
1112
9033
11436
3377
979
3622
1953
8114
3970
5627
1666
4659
8040
10050
1180
6287
10560
9274
2561
8151
7961
8945
2966
2640
6915
6037
2657
6114
7061
1277
8184
8809
11921
2194
9868
7033
11724
10620
5453
11488
3246
11317
6893
11612
11595
10691
734
1297
9005
188
10391
138
6284
9953
10854
4615
7445
10762
8985
11127
7365
7961
1500
7785
11969
6310
2141
10193
10490
9117
5233
2113
1775
955
4949
7040
7384
6510
10067
9092
9420
2732
6884
5517
2549
7504
4157
8262
7602
11378
7566
10646
2446
7763
1153
5141
8452
3001
3582
7552
7975
3364
5748
11633
11640
4814
7412
10209
8036
1690
1992
2347
4594
6094
2507
4937
10965
6753
1898
9243
5113
6551
5560
555
9663
5645
2892
4031
7692
2266
2031
4129
7187
9763
5667
743
9840
382
3952
8222
4616
3501
6964
9896
9700
704
2084
6577
11996
4062
4849
6672
1248
5401
7446
10152
2136
7083
9020
6540
8402
964
8286
2432
6076
3722
3701
8737
10297
3598
7530
3930
16
5899
5650
3024
9055
10220
8750
10815
4494
7350
2860
10157
2333
243
1715
7572
3623
3168
6463
9477
9947
4296
1555
4626
3181
1511
7419
6046
6866
7080
6594
6855
9337
138
4505
760
1886
6506
6896
1898
836
11451
9180
1843
261
2308
10573
201
6414
6713
7847
3165
11604
2284
9900
5704
6254
1116
9080
1788
3354
5358
4281
3103
3276
368
6345
10170
3088
7612
8120
2605
1065
469
1783
9451
4000
8478
10639
6097
214
7361
11573
9237
2827
9250
1692
1651
7907
10099
453
10303
10524
11101
616
287
10517
246
7923
5653
10986
10755
4177
11921
6019
1135
11690
2330
2111
7018
644
4408
4028
1684
888
1427
4503
10302
8058
616
245
4448
2643
8702
10110
2348
1712
3442
7112
4542
502
7227
2099
300
6926
5698
9476
7158
10294
6488
258
10302
130
8784
5053
2298
5963
9365
5221
6807
8327
1075
4500
10434
2914
5408
5830
4743
7966
5944
872
3740
9427
5831
900
6739
7283
331
5285
2587
3688
6646
1714
6548
3150
11805
8562
1959
966
9369
8529
4877
10486
9006
7673
9468
2515
3698
5395
8760
5260
7426
10752
11645
4706
11609
8576
673
9165
11420
9505
160
9981
7274
2880
10544
6968
4389
6788
673
8134
10236
11197
6847
2622
10048
10165
1958
7501
4246
5524
9935
7164
10699
1237
9991
6577
9210
6794
5792
6444
3438
1542
10664
3631
638
3795
9383
7754
10219
10815
11803
850
10037
8477
5758
3379
4678
4420
2159
10560
10669
3951
4098
4127
9668
11732
4046
2084
78
460
10855
10894
10405
284
3289
6764
9839
9643
7189
11291
3152
1463
11170
1715
3913
2369
6834
7398
10371
4556
33
11839
2065
2440
9602
11685
4251
943
9213
8655
11745
3480
4673
11140
7547
11241
982
3500
2859
11272
852
10665
7645
3175
9164
3626
6859
877
3963
5775
6776
7005
10102
6761
4560
799
8554
1654
6296
6270
4640
8672
2122
3525
2084
6608
1973
675
10805
1276
1605
4701
6754
2971
10168
4903
5844
1844
7528
8276
7181
9503
3875
2150
3306
858
9851
5886
11047
4330
500
6190
9826
7048
6797
1788
938
8473
6335
4747
5289
11171
1947
1630
6504
9010
5623
3994
9046
5075
9015
6371
1148
3928
5159
959
9857
3589
4745
7625
2387
9694
4326
1643
8223
7797
1324
7750
2077
7611
3502
1643
2790
7231
4766
6959
3664
11988
10763
5079
7490
1539
656
10758
2632
2192
9793
4623
9093
1167
3706
6015
1325
3603
10920
4422
5842
5615
6517
940
8315
5544
10225
2719
6843
8793
1994
11291
11483
7215
8610
9960
6882
47
4817
10089
987
5686
5780
1195
2335
4382
396
5144
1289
6994
7033
4558
8861
4447
4743
3696
2417
395
11805
2633
8521
9807
1660
10452
7625
6805
3871
10493
9022
2074
6688
4329
9635
3498
2136
1223
4745
3427
6219
10201
10613
10083
5935
705
4230
3066
3215
928
80
11830
7763
4482
3785
7162
7929
3994
11902
11375
9357
8478
5910
836
7078
10023
545
10863
4052
4389
4177
9720
7864
3483
11768
5562
11333
9531
3273
7647
4285
6879
9917
1013
505
11943
1846
8012
4148
8716
11001
8744
11404
2545
848
7358
6206
8553
9716
2611
3068
5145
7033
4729
11845
7415
7592
801
8293
6099
4298
11338
2736
2886
8432
9553
10992
403
515
4097
10887
3168
6218
11631
10285
2039
8549
7556
2495
5402
5655
5617
6234
1352
3123
11798
8050
6552
10521
9046
5153
11259
6200
838
10079
10144
2005
1453
1408
11102
561
9068
2983
7167
4187
2357
3633
7911
10242
6304
6362
8417
857
2249
8283
5910
5515
2967
8277
4599
10819
7617
6444
2033
1066
1967
9839
9466
7867
8061
4826
8265
11065
2813
9584
8306
10609
544
8857
8600
7775
2513
9017
9067
10289
4822
2797
1404
9392
801
3782
419
7807
7110
807
4999
5783
8245
11854
8045
2089
17
5880
3243
9779
10780
1190
11470
2985
1809
4559
2921
8723
3205
2249
2709
866
1038
8375
5734
1912
3212
9821
3043
8098
3592
11912
681
640
8464
1566
1215
2554
2202
4427
1644
2478
6299
7696
7342
2345
3471
6955
1954
2492
4585
1223
11846
11935
10446
1803
8753
11056
7282
5191
1686
2822
5805
8373
10936
2937
5259
312
9214
10942
7691
10221
1476
1314
7911
11438
3921
3979
9245
5290
9928
11426
115
10275
4391
2756
11882
10219
7907
1489
89
6774
10756
7862
5362
8670
9339
11587
690
8621
8947
5709
2696
4577
6281
6178
11689
11232
1026
7167
941
8257
8110
910
3591
3698
6928
2976
5924
2282
10866
1413
533
3082
9866
11079
9948
9064
2567
2726
8808
503
742
10068
6522
1041
5270
1048
10561
5419
3817
11911
9167
9414
1688
8480
3215
5542
4974
2119
8339
10341
5168
4424
8155
10796
6846
6545
7517
10517
6794
312
11234
4743
6119
6971
6511
1057
4461
1349
4640
1907
3298
6662
7026
3606
9664
11922
2671
4404
2241
10058
10533
3602
2846
6364
2964
2313
7755
7774
5494
608
3069
5738
11731
9198
8547
1085
3995
634
817
8308
2540
7217
7833
7054
10814
6376
9733
4382
5196
3221
10895
501
2999
4296
4077
9182
8264
4286
1891
3954
973
10453
3707
2431
9782
84
5208
11776
3241
17
7383
2308
1707
6521
5661
1633
3722
4391
6176
472
659
61
8823
1469
1768
2848
11806
3786
475
7169
9806
3172
1916
6620
1676
11461
1157
4272
1757
9092
3405
4353
9419
11246
7741
6688
2398
8588
6531
4853
4744
9371
3630
7921
7890
8777
5857
8042
1394
3898
1955
9757
2315
6649
3350
2050
6982
6145
5497
2580
10083
8735
5478
3357
7540
1882
8718
10329
1560
3481
7317
3920
2546
10937
10458
5516
5202
10514
5717
4194
1245
10910
8831
6734
2508
9971
2571
1975
2056
9656
878
2068
1076
2051
10234
1985
3853
2206
517
4833
67
5976
2145
6126
4932
6806
7343
11072
9369
2525
6686
7315
8451
5742
5816
3211
10764
7316
5341
832
8142
3621
5392
3328
4382
9004
7186
6096
3091
10780
3145
2420
10756
1573
2772
10794
9385
2500
5414
3121
9765
6889
7435
4282
3422
3694
8039
8272
4759
10686
11085
6188
10683
7735
5721
6780
7168
2158
2526
11127
4753
5105
8057
11174
3897
10336
11344
1458
4405
4536
6797
293
8792
9402
5417
3003
3528
4303
9865
7515
2481
139
1094
5649
7706
6359
8707
9962
11884
1661
2080
5753
10237
969
485
9092
7699
2624
10094
10281
7395
8524
9693
108
9138
8057
5319
1591
11732
4197
8722
10596
8239
9018
1721
8786
1213
10131
11930
7825
1025
5220
9258
2561
8980
6806
8759
5127
7825
9820
2045
5471
9549
2279
4455
4772
4043
4521
6508
8525
4228
955
7924
5772
9679
8180
6582
8048
3563
571
1280
8025
890
5085
1999
11715
3595
5051
632
7225
5904
10066
6708
9697
7740
7925
8656
1965
6558
10621
5484
5820
5080
11957
10495
1446
1790
9232
9756
2682
10861
9681
11533
1218
4347
8029
8722
5626
2002
8494
10605
5378
9040
8986
10779
5513
3402
6998
9168
8639
9807
9820
1325
11199
7853
242
3993
10704
1919
2753
5983
1652
3346
10557
9924
6349
4593
10325
7278
6619
574
11637
6251
5656
10326
3426
5838
11772
4424
553
3232
9808
10249
5701
4138
11256
8257
7363
8335
2864
7784
7531
5860
5555
8774
2991
10723
10948
7914
11735
6895
9599
6265
5048
9537
7259
8357
8175
5054
7043
6028
271
6538
8341
9942
1444
10511
5625
3777
1244
6624
2017
6483
2794
6047
3537
809
6077
805
10423
1452
8479
1130
3722
1751
4718
5154
6555
5737
1702
2877
33
10663
10561
4293
5757
9799
6310
5957
6151
8314
3032
10966
8569
10506
7433
10462
9217
4406
5819
230
2352
7961
1225
7815
9062
9567
418
7833
4123
10596
6883
9741
6999
2890
1670
1301
10017
5855
9116
6366
3054
9820
957
11300
7784
749
6242
6481
3599
200
1731
5813
7775
11572
6065
4012
8279
3243
3049
677
2800
5097
6734
5763
8173
11264
5784
3033
10314
529
2724
6457
6099
2938
11183
11222
5330
4523
11141
4135
995
11892
8447
9698
11490
6554
8497
7956
1285
1439
11002
8480
8718
953
7139
5441
3175
5228
136
11701
2872
4881
11513
3221
4765
630
9667
6806
5817
8567
5412
6315
9937
4636
326
8937
1343
1076
4402
8008
2916
9084
3514
6053
11352
1932
6583
5355
9432
10995
9111
1336
7734
7877
1864
10374
3410
826
11012
4432
6343
7060
10924
5964
9103
2426
3056
6058
10521
11966
8031
2603
7596
9513
9018
9548
2561
5377
4879
6865
3597
2436
5351
3860
4556
8651
11639
3808
11440
4049
6325
5606
5039
4632
2369
10283
10225
4482
8259
643
6849
2478
2980
7200
5006
7602
8507
2785
10630
6710
2904
5809
9966
10965
5862
6160
3401
3765
6664
2036
482
10061
68
6789
607
10377
4488
7925
4017
636
11100
7903
1078
3050
4171
4230
10755
3904
9881
10570
5315
6946
5323
9206
11896
10429
3117
6161
10533
1472
4204
5643
8541
5493
1921
2217
6867
10862
305
11196
5086
1720
2888
8248
2180
7065
2836
4045
4045
7788
5307
7025
9885
11210
2323
6951
10225
8994
7163
11903
9206
2977
7451
11738
7180
2486
9628
1728
10296
6143
10353
5256
3852
953
2685
7865
11641
1614
10493
868
336
5576
3574
6910
164
6240
2344
6516
687
28
6726
7615
3461
10700
2998
7396
11681
8325
6860
3585
2577
772
6909
8315
5467
10327
7908
6292
8754
1261
9931
3745
7023
3678
5449
3947
10576
905
7808
10651
2330
11993
5319
6785
4918
3536
9320
2117
2212
10080
68
6299
4136
9812
11225
2836
11733
3994
7938
2989
10914
799
5185
10488
6093
2728
6030
8145
3186
9715
5850
10079
4937
5327
342
240
10566
11117
8260
3267
4001
10235
10338
11458
6687
7846
1751
1730
6018
8651
723
6917
4904
3014
2522
8630
11804
10722
103
2123
3745
3331
10048
3201
3442
335
1192
3217
7560
11074
11504
6530
2498
5332
8246
5545
2778
994
5375
9559
1175
4932
386
1107
1199
1449
6418
3371
11343
11158
2500
8435
730
6081
9154
6789
11348
4073
2368
9438
5012
9302
10063
1359
5546
3605
7714
4765
6329
5917
11648
10732
6461
11786
11828
6239
7247
2163
6540
527
4499
6165
11448
3895
3391
4467
2826
9690
5144
233
7574
8183
8786
3214
10755
3423
550
9617
6868
6872
4178
7835
10014
8708
9454
5872
8332
3214
3772
492
3726
4482
10333
2648
10933
4900
6791
2677
4353
1522
3726
2036
8827
4365
11285
8011
3682
6058
10640
11896
3888
5987
6622
5537
6044
8189
8970
11942
8175
2727
8060
8814
2964
7136
4840
1417
46
11755
7848
9103
10394
4376
6811
113
4562
5607
8254
1938
4715
6713
9846
9571
3869
10429
4964
11390
4663
328
2983
4228
10227
9844
8257
3308
9375
3852
5623
1330
1348
3995
381
1843
9701
11512
8359
9392
8735
310
6561
6549
4970
404
9258
6012
4674
3533
4052
6356
8383
10921
3541
2828
4557
3573
8659
5718
3193
407
3557
6428
217
10714
9154
5222
6851
1062
987
10989
2933
10735
11002
1966
7292
157
2203
5463
9788
3480
9820
5998
6533
7608
6688
5095
10044
3442
6003
112
1744
10944
5457
69
7210
3885
6912
1297
980
726
7391
5089
11475
5069
2083
1144
5734
465
8404
682
8177
6116
7840
9496
3487
2074
1374
4020
6976
7070
4766
8645
4427
10914
7749
6067
3415
10684
2433
372
3512
11473
6760
6839
11521
4506
822
7131
4037
3731
1156
11575
5139
2781
4854
11656
1897
11248
5383
9625
4659
2742
11454
2321
695
1034
9136
8831
8806
818
11563
6510
10885
6240
8198
9228
2174
1317
4536
9326
1112
1718
5486
6835
8165
1128
1325
5924
925
9498
8241
1341
4022
8985
7894
6756
5036
2229
2265
8495
9603
4845
7266
10041
4288
3630
7137
8980
4588
11928
9637
6750
3517
8002
7328
8575
3789
953
2976
2396
9469
3837
1144
3403
11221
9140
11530
6936
10952
5584
4398
7063
8619
7503
4660
7080
388
613
4760
11436
5074
989
1423
10298
4942
9417
9688
7970
9448
9014
11333
829
2395
4117
9866
7232
6245
8938
6714
10982
7939
9297
7075
9539
6626
29
5066
10032
9061
4223
6417
2443
9204
453
6873
7
4688
4506
7810
3889
8332
8858
5271
2657
11772
8231
10684
4822
10525
1072
10999
8911
1471
10619
788
4067
10701
11485
3047
1108
6121
6261
11041
7241
2915
3649
6438
5313
5145
8972
3349
8534
7248
5646
9555
1997
5094
2310
5295
1130
1534
4773
434
6397
11977
813
2644
5067
9589
11085
8454
8837
5054
8989
3569
8347
618
6354
4836
8318
276
4122
9532
8079
1465
1975
10379
3664
6520
11924
2730
5458
10395
384
5852
1533
4822
11097
3036
3372
53
5516
11466
7574
11746
5835
10359
10446
301
2869
8843
6048
3093
8322
11335
10300
2579
703
5918
8184
5096
281
4277
1842
6487
10934
8171
592
3288
5597
11311
3364
4231
7264
10634
15
6214
1086
1607
274
1634
9095
8088
3714
4145
7444
641
11220
9362
10773
11864
11801
9991
9425
3395
6440
1051
6711
4679
793
557
5291
8433
3113
5995
5935
7927
6709
11334
8592
765
5506
3079
4602
6843
10979
4989
8313
2415
737
5620
8039
9968
9493
724
4436
634
7919
9792
4840
6331
55
6685
10964
10660
1509
10299
2585
6768
10565
8577
5465
4961
645
1988
9711
10819
5213
6678
11161
7871
7269
9049
7087
7591
984
399
8630
9554
6836
6488
3852
2041
9765
2590
1156
4203
8403
9543
11040
1086
371
736
8775
4415
7904
9716
9559
4958
5760
1237
9070
6637
1386
3089
4063
4237
11750
7929
1758
5639
10032
11594
5262
9978
10538
5026
5107
2900
9744
922
2218
3351
5300
5654
11251
4857
9096
9721
1180
6225
7195
2147
2428
9926
6447
3780
6494
9103
9039
5272
1203
10221
4015
3850
2142
11851
6977
2568
10711
879
7712
6785
7462
3621
424
4961
3982
4946
4521
2671
7579
11401
11590
5823
4373
4702
8237
9618
6113
1620
876
3660
2182
9390
3348
2880
6695
10213
1438
2592
7465
232
3856
1989
8854
3584
7224
3798
2112
687
2850
6552
10802
7879
3775
4093
1244
6849
11607
2409
2685
2995
6077
8827
4945
7921
6033
10806
8830
4744
6788
9252
8413
5679
9235
255
545
5603
5106
9550
1546
4851
2015
11770
8012
11453
1596
11684
31
9338
4105
11129
6829
6753
3262
1243
8971
2184
11903
4845
9735
7549
2170
4463
3101
10234
9547
11523
5078
4753
1907
1579
10640
9390
9094
11259
10566
11113
1182
696
6824
5398
6616
10772
9843
8286
2866
3343
10172
4068
8002
4923
10452
1452
11764
3884
9525
7879
5274
2308
8714
7873
11410
11951
908
10857
3197
9584
10086
836
9202
6088
8260
2677
6999
4211
4530
1386
2149
5757
1089
7894
4977
272
3452
9284
6545
7891
9079
9227
6811
3054
7753
7601
9857
5166
4718
2822
9354
11048
7535
2384
6132
6154
3976
4421
4723
11052
9018
1799
3210
4539
10090
8338
4464
11043
3208
10181
1050
3567
4502
191
8610
2494
9858
7420
3456
893
11992
7293
7402
10799
9289
7091
8509
10006
6055
5629
10504
11489
9590
1758
9997
5403
11575
9343
5473
8905
7769
2875
9138
5675
8834
11655
2309
998
2384
1702
2899
7695
1904
1132
11870
932
2213
4658
2202
4055
5476
4233
940
1162
2501
11532
4320
6946
7169
42
1773
8657
11334
11987
2749
4642
1357
136
4877
6935
7697
6751
867
7764
1580
1473
10867
3596
3737
2948
10666
9489
1566
3256
8152
1007
2809
7969
8863
10884
1924
5677
6284
6826
7831
1318
5670
1538
6551
7459
5745
26
9501
10841
547
4647
3798
10139
3969
11102
6925
2776
10208
10754
10443
3989
8414
10118
8195
6036
9192
11282
7518
9508
6461
7280
9482
6147
10293
10056
8040
11419
941
5700
2162
11268
11142
1982
7687
9064
7104
1024
554
11706
4247
7039
4472
2150
5798
9596
1791
1363
10774
10781
454
9744
6678
1827
8386
4519
5379
1497
9540
7453
6236
4447
7031
6383
10382
9222
2425
6706
443
2308
4188
838
4576
6748
10712
11060
10802
5411
6000
11787
2981
3831
3260
7448
1619
1826
1088
7539
6820
8745
2811
9304
1270
177
7770
2644
6036
2373
1937
3467
11279
8375
10248
8607
3625
990
8361
3804
9995
2253
7321
1895
10106
10922
687
9466
663
787
4156
8668
7398
5247
10606
4695
8695
7573
8673
653
4423
7716
10601
8112
7922
1227
1091
7571
9721
50
9211
2406
10647
4387
4177
2564
1375
7813
2909
10337
7271
11983
754
8012
1550
3001
619
9990
8310
6450
11995
8199
5927
8544
3937
9187
580
2556
5080
2209
1349
877
9095
1991
4369
7513
9735
5508
7956
1763
3722
1216
1372
1049
10215
3618
1127
9527
6433
7867
10199
7106
10272
8306
3506
10891
8315
9433
1250
7844
11663
9708
4417
5563
2337
5955
5751
5617
9731
4820
2972
2762
1743
5789
8749
1590
4617
9765
6158
11854
11473
7984
10865
10677
5648
2271
8201
4261
3650
3211
10601
7472
9444
7762
4515
6818
11197
4135
9995
829
7297
5512
515
9761
609
11191
5428
5789
8359
6258
2610
11499
3950
2648
368
8500
8197
7708
5655
9358
9102
4912
7861
10823
3257
5360
6178
457
10327
1975
1554
4276
10782
11062
1654
11901
178
9928
5065
2007
8730
10720
11149
2444
10816
9480
8465
8460
1249
11593
11618
8819
3775
8383
3707
1391
10242
8583
11146
880
10215
4691
1770
3940
577
1954
3448
4747
2725
8788
5328
3396
1488
9886
6907
123
2710
9088
9739
4348
5713
10304
10462
944
6417
9337
149
2883
10917
1394
11629
11546
11638
4446
11505
7514
6940
1223
10960
9515
10145
4767
9289
7497
3431
1896
10236
1396
5907
5729
11745
8220
3403
4669
4692
8424
2118
6777
1417
4326
11255
1433
10565
10461
11106
6514
4787
4253
10820
10995
4265
11305
149
11980
1810
6848
7975
5587
475
7532
1267
6982
2140
1748
7359
10001
7458
6073
4011
7411
3849
8174
11756
10807
8883
10656
9317
10445
9439
1835
3682
36
4465
8328
1466
7582
926
2593
3723
787
711
2193
6187
6416
6821
10578
3174
9149
2065
7559
9969
9073
777
9410
3522
5887
7766
3665
10604
6238
10717
6213
2328
2287
10699
4142
4038
687
4235
9082
8044
3607
9537
4407
3547
5252
7065
1684
1318
4536
487
11136
10305
11136
2411
1653
3332
2099
1913
2008
1382
9508
1950
4471
6726
2413
153
2877
4225
8285
10285
1481
7646
735
7821
4555
5661
1037
3661
11723
8461
1204
8879
8369
10473
3935
10731
10265
7714
1715
11797
671
3600
3652
2174
10681
8830
4344
3077
7469
5000
10158
6958
10373
10146
6728
4460
11350
1225
3311
51
2396
1798
4854
8087
7871
8766
9180
9371
8455
10022
4651
10930
1587
11190
5017
4770
6755
4406
6816
791
8888
7148
2802
10859
3368
2651
4306
1147
5813
1269
4272
464
6793
2373
10896
9158
2028
1013
3379
4503
4384
8507
10253
126
5115
1515
11071
1098
6306
7857
5919
6700
2370
3468
8340
1703
9705
9329
7643
8130
6261
4100
447
11053
2759
7403
8484
3858
8733
282
253
8729
11271
5396
10098
759
4521
9818
11566
7139
1497
10047
634
6305
6647
11972
2444
3699
7862
7981
8662
2973
4281
11261
5359
8032
5244
9603
11563
2176
8116
11576
4155
3965
8501
8961
7779
3025
7459
2673
2712
9126
8903
11122
1380
8214
2180
4081
1253
1939
8154
5618
10329
323
11714
10470
5195
4814
5658
7510
8911
842
2274
9536
2487
3326
1724
2596
5705
1209
452
6434
4341
8184
10361
8338
5555
2155
4384
3827
7288
5786
6345
9037
2942
4665
2634
9577
1473
2146
10229
6806
1183
2835
5999
3135
9119
8016
1968
891
6889
7938
372
10681
8074
7968
4828
10887
83
3987
7862
10052
6371
7256
252
10390
3427
2088
2329
1507
8711
1247
9358
643
4954
3896
4513
7382
2806
3213
7740
705
7742
11453
917
6674
493
5294
3236
9713
2949
7710
5636
5605
3545
2410
9348
11762
1631
3044
11282
4214
7095
7943
9973
968
11759
6040
10196
6018
607
4956
2132
7243
5868
7859
6099
4798
1306
7782
2349
10345
11749
482
11377
5545
1990
3738
1371
4745
5612
4114
4150
7630
6147
3805
10886
847
10140
10067
2315
1219
2302
2033
928
3126
10857
400
6716
7016
8515
6489
9616
8718
3232
4624
633
338
8941
7545
1926
1010
5937
763
3746
7609
3392
4287
5147
11788
10686
11073
1760
6291
9812
8863
7706
4471
10073
1707
7840
6315
6586
11548
11027
5994
7839
2636
11063
10055
8606
339
3093
5884
2970
3110
2018
6883
6028
11859
9401
8066
2077
8966
4765
5369
1613
1390
7950
11957
9454
3071
11292
1158
1614
6804
1969
2392
7249
9207
5665
9573
10087
4219
7033
6923
1168
6680
4031
7008
7591
8148
241
6048
6129
9970
3650
123
6159
11963
2147
909
5300
6699
1125
928
11494
3448
9084
6007
2924
2229
3009
775
2293
5258
589
1484
6373
2177
2946
3311
3626
9072
9569
2515
3833
7145
10541
11448
10294
11228
5899
10365
7068
977
4104
10387
11087
657
7119
8640
3648
807
6463
3746
7860
4894
4898
3304
2104
234
6002
6843
10352
2976
6944
11990
8402
11894
108
169
2677
9010
5028
7151
3163
10729
9187
5113
390
9231
6785
614
4069
2267
8429
2977
8070
2314
7990
4071
854
11185
3496
9329
2334
11771
943
11057
9308
4474
11291
6740
8193
2205
9676
4958
1735
6486
10003
5959
3699
6227
1614
606
2249
6177
9569
4558
2770
3841
8398
9998
2375
3820
760
11110
9145
11071
11514
5691
3334
7510
33
5942
5378
9660
3416
6417
2467
8739
2336
499
11785
598
1809
4469
8200
5349
5039
383
1285
11320
1762
9398
2981
11148
5150
4102
11042
9328
9332
5577
4609
6507
7009
4580
2829
2066
3358
8169
7373
3207
8605
11474
11054
5829
11106
9054
7429
3856
9715
7347
4343
1510
6435
3260
7833
11163
4016
5738
5625
9968
2155
1438
9655
5361
4355
10187
10630
2842
3248
8940
10586
3096
9339
247
3720
3573
6624
3034
11482
2045
2428
1544
985
4461
8087
2818
10236
2598
5691
11921
5512
530
4180
5356
1427
870
9404
2720
2763
21
3581
8619
3155
6360
9668
1248
6972
6289
5724
8734
3487
8543
5194
11468
4491
4910
3310
6132
9929
11694
11465
969
3005
4802
8394
10101
4360
8245
9412
5259
2532
5139
8701
10329
4836
3966
791
7424
7139
2877
3863
6948
6696
7274
9440
10212
7291
2664
10229
1657
10382
5959
2572
572
9754
5956
9937
11450
10408
5624
9286
1708
2975
7119
2910
1502
2883
3152
8466
2689
862
3316
11450
8766
26
11469
1239
2666
10889
3984
10099
10821
7087
2927
2164
1732
3432
4689
8451
9513
4092
1583
10322
1494
10288
1160
1572
9953
1848
5690
488
9374
3262
2303
9699
10401
4609
676
1540
7716
10775
3978
11917
1595
2848
1924
8295
7718
9398
8353
1440
1058
2536
9648
3929
11264
6239
8622
9216
6954
4364
1151
1166
6674
11102
5883
5491
11009
5325
4774
1396
7447
8348
7980
25
9071
2079
2828
1902
2015
5365
11098
4621
10837
2514
1803
4363
9587
9586
3913
4648
5311
6946
11159
4809
8099
4963
1093
5221
9515
7355
10985
8198
7336
1832
7945
4715
7034
8094
3830
5784
3270
9071
1007
3282
5906
2496
9009
454
8653
8497
379
1049
4433
10783
4663
200
9922
2407
595
3660
4438
11715
5883
10900
3459
4194
9830
7836
10539
11402
2197
2582
3244
944
6230
2640
4951
3685
8709
6342
10968
3967
7184
1087
10410
11524
8188
10084
2629
6146
6313
11806
8714
5805
8408
8256
681
4060
3980
7400
1480
4996
10032
11761
3761
5772
123
9191
10614
2063
7343
7202
5059
8235
1205
3017
11087
4081
3107
1641
9369
3210
71
3743
7520
4951
9879
4046
9864
1637
10521
1182
1169
2650
1039
1589
8656
9370
1386
3070
4815
7432
5858
3976
172
10205
9910
9789
2136
2414
5892
3973
7400
3116
9226
10495
3100
946
1000
5309
60
11629
7740
9333
1910
211
4279
8120
6725
10249
9198
9403
7076
5463
4222
1106
3966
3859
5252
5155
4135
2329
7387
579
8544
7034
7311
882
2587
9593
1879
11571
9713
9154
7475
3982
9570
11890
8938
5171
5674
2280
1351
4666
3847
6730
8933
9261
3219
7681
4553
4771
10636
7268
11060
4840
10628
3956
9667
5373
8829
1251
11035
7078
8859
10662
1502
9841
5155
1559
4086
5304
9069
8368
7393
6037
830
2760
7534
3071
7523
3068
6388
2306
11242
9102
2271
6495
11943
5866
4081
2944
2212
2375
5410
4024
4323
1855
6920
3810
5385
9040
9436
7807
8283
9116
4761
7755
6303
9072
6122
1852
11986
7755
1476
2545
5684
7928
4530
5127
4683
1904
4422
2935
9485
8060
3384
4784
3918
604
6540
9584
6269
3398
1113
9676
1448
6495
9915
4472
5441
3222
9860
9345
10929
8228
10566
9494
8890
10856
6763
10638
7405
11536
11278
9900
7584
5584
10783
3141
7647
2865
268
3258
1675
3237
8406
7590
3402
6508
4481
5610
9647
9846
6490
4436
2586
3144
5321
5488
11063
9805
1567
10731
4467
8723
11596
3468
10456
951
5891
522
1900
3601
11496
1934
4908
7993
9539
2899
10641
4865
8384
4718
868
8703
844
6896
8802
1750
206
5295
754
10298
2479
1395
8487
5088
5312
5196
2884
433
11465
1223
4655
8697
485
11322
1284
4221
10425
9597
5265
11645
11983
11825
10928
1714
4355
2105
1736
1298
3377
5222
2937
3251
4233
8377
5785
4082
10995
4424
9309
7115
1745
10641
5675
1876
8757
352
11703
10897
6434
5308
9928
6964
7213
4797
11843
11011
3570
786
1556
3465
6565
7219
81
11769
6023
3672
838
6156
2477
7132
9657
8436
4461
507
5707
10623
6474
10771
3222
7703
7152
5264
1789
7648
9717
3691
1155
7978
3661
5735
9140
9771
1963
9986
227
8936
1765
4995
3724
4927
4496
3795
2163
2733
1855
9114
10684
7098
6831
5758
6633
10324
4140
7286
9460
4896
11983
4111
6246
1292
2937
5548
1775
7996
2114
3079
60
6612
9359
10266
8574
10343
11329
236
9191
4784
2683
4546
4924
4055
3440
9522
9035
4742
1701
11763
8954
950
11485
9567
7671
7965
6356
7358
3858
9599
2796
13
10985
3221
6951
7091
11023
2856
4427
3486
2066
6350
9230
2914
11326
9763
6719
9910
5407
4524
2638
8636
2637
763
5814
6824
9477
3394
6036
558
4590
6134
8911
2370
4200
6550
4191
9240
4655
10588
9058
10636
8890
11720
11325
9580
10571
9919
11275
8016
5183
3121
9017
3376
5176
6666
2821
4262
4529
6395
766
7539
10682
673
3371
2903
2770
11536
8502
128
4455
9497
9936
694
9371
4250
7348
11391
7323
569
2294
10779
5829
1157
1930
9963
8485
4038
9746
1231
2835
11252
6521
5412
6050
6217
2981
3642
8704
5062
6333
11298
1257
6548
1865
1439
646
11912
4244
7911
3424
25
927
2595
5413
723
8253
10870
9681
9972
1362
8404
2868
6757
9969
6748
10516
11118
9333
999
5023
9750
7429
11897
3194
5880
7370
3279
6107
7831
8534
9646
10099
3785
4674
3919
6183
2669
2411
4041
6027
4944
11108
11135
1891
10256
8987
11300
9504
7497
10685
9874
8842
10754
8087
5161
8149
1971
1337
8104
3220
5832
8328
3281
3149
2448
2774
874
9136
6901
3139
4872
4884
11479
9226
7816
9284
8688
8171
8739
6743
10662
10854
6762
7440
5552
5419
7892
3198
11813
6649
9142
10357
2980
6335
3905
1156
2634
6593
9850
11600
3668
5243
3193
659
7822
11898
3226
2864
10631
5346
8382
7966
9524
1098
7853
5333
8740
2615
8941
3067
2070
821
9817
8614
9125
7875
2245
2678
2899
11006
1117
7800
3859
10364
7245
2758
604
1382
4894
8211
5343
5081
11923
7607
4017
7007
6145
2350
11823
5206
2687
7577
11257
5641
9599
10635
7447
11892
10894
10449
8659
6785
5425
4438
296
734
6664
6529
4511
5153
10450
993
8808
11198
1163
2502
9515
6384
7545
10710
6011
8320
1517
10092
10899
11800
4866
443
1992
4966
5544
10580
2102
7990
7613
3265
4024
11945
10460
3215
952
10032
9980
4290
4775
10284
741
8585
4249
6140
9972
3089
8010
10950
3309
8972
9702
2537
4754
8256
8222
6321
1216
2757
11109
10351
11211
10656
11607
4707
3998
4904
7724
11330
3386
8917
8803
6207
11865
8593
11729
2171
9470
7703
4814
9213
9908
10020
4725
4267
2017
8316
10556
7842
11487
9440
1169
655
10049
2181
11421
3608
4976
477
7685
4979
8736
4748
3304
9621
9043
10760
6157
2254
9307
2373
9501
4611
613
7930
7541
8226
6878
11713
6910
1083
10724
4063
10302
5136
10861
10185
4942
10880
2410
10555
418
6675
1623
3044
7586
6481
11809
2519
847
3926
8082
3609
24
3295
4651
6739
1409
3101
11888
6207
8244
7278
7315
10232
10973
8860
10888
10359
7047
7158
6610
1452
8900
2008
1520
1772
6896
1557
3459
3199
7645
11375
2832
2676
5004
6323
8660
7276
9443
10671
7780
7054
5103
2358
11898
11927
3010
10109
2488
3311
1301
3241
6164
6122
5172
7602
5133
1932
4464
4941
8780
11729
11342
7327
7136
672
524
2927
11172
9608
9776
4440
2325
2831
9160
957
8588
10696
1526
5771
4740
3148
6251
10855
11915
8110
7004
3255
6761
2882
4540
9561
6778
5330
7098
11930
223
10603
1918
2769
8089
6492
9732
11280
6185
256
1758
11427
1216
1859
3829
3728
2045
5043
721
4417
7945
8498
9565
11068
9647
660
10448
7697
2412
1219
4855
643
11072
2453
2572
11208
5167
3824
2992
60
9774
18
5457
5847
2551
1707
7351
2238
5740
3811
8102
5792
1553
11858
4088
9588
4336
1310
1618
10482
5320
1310
758
5122
1524
7265
11708
7558
9493
8089
1761
1288
11108
11597
2572
1039
2535
5699
6555
8326
10695
3488
3649
4057
4237
3197
11544
6944
10029
1205
9635
10426
11556
11906
11572
1107
4382
8208
11184
10350
11969
4806
11938
1746
10662
11090
718
10574
11512
9660
4860
11168
2923
5899
4769
10265
3673
11912
11302
8979
10940
6372
5282
6918
313
6406
4098
3307
520
2655
11283
1596
8792
11983
11283
10126
9226
10036
5353
11790
10460
9986
5556
6479
6186
2233
8318
7203
10696
10732
4804
2394
3652
6815
4578
10745
5659
11000
7596
7289
2989
7260
1506
10050
1932
4562
2586
5668
8764
7236
7324
11799
220
6835
5726
11899
11598
3623
2893
10154
1282
9676
10229
878
11467
1841
9829
3597
11265
1368
1198
6364
118
6024
367
5467
2613
9870
9832
9796
4261
3583
9402
8499
5725
10336
5156
1382
6230
2712
8124
10663
5526
8992
163
10249
5771
4385
1663
8586
4136
6384
8326
11473
9623
9379
186
11868
1797
2069
5373
4757
2586
7883
7835
2590
11234
1779
6260
10578
4721
10235
8966
7293
7623
3115
10264
8590
10380
330
6079
7749
7342
10806
2116
2075
3713
8253
10878
7801
3659
3602
8094
11252
8344
9679
881
580
6560
5820
4998
5225
11876
10586
995
3391
4852
11611
10935
1382
4902
6835
8484
6570
7747
4985
5829
33
5193
3152
10753
9602
2074
9646
4579
1080
734
3077
361
8801
302
9677
8787
4533
275
4398
2700
7847
9551
5130
9985
7648
11089
1657
2744
5482
6742
1560
4271
2499
6572
230
8301
1656
8090
11560
5282
4768
9400
1567
10193
6418
75
5333
9428
3570
10882
6115
10774
2857
6100
2350
2305
1083
2193
11478
7218
10386
1973
7154
2214
1804
164
10362
10991
1661
8414
11332
7695
6214
1292
7852
7940
5444
7738
10729
7017
6651
4642
8565
6409
10686
6902
1933
6530
10193
7324
11227
11807
10157
8071
9079
1810
8344
11201
3224
9061
8888
10890
3030
10514
8318
10517
10669
1352
5746
5629
9972
866
3722
5094
10536
587
7426
3365
1468
8707
5432
2801
6404
11998
5160
8387
1033
7011
4463
1932
8360
10313
3442
8983
5254
6807
5622
7197
8612
3910
1064
5791
4525
7423
9749
3975
11349
10377
7762
3877
7424
4969
5340
10512
10404
9899
2760
5716
11797
6986
9345
6729
3261
5903
8526
9253
580
4184
7947
9323
960
1365
18
6207
7412
9184
11105
1822
8434
2222
8731
2792
97
11195
5677
7266
845
6292
3835
4032
4938
10542
2898
6196
8440
11137
11702
1841
10011
11964
7027
5612
5498
5287
2118
10025
4417
2617
10955
3580
9903
6238
8483
407
9562
3684
7562
5151
10887
7668
4284
5220
9505
11535
8639
8272
5500
1263
9151
5947
2429
7342
6149
1361
7343
1601
783
11794
2280
1076
5641
5209
2123
5503
4047
1947
2619
6820
608
2887
7560
275
11544
8798
1729
5298
11586
338
2216
6261
4937
10311
11041
557
4788
7304
6769
10136
1344
10690
7900
4721
75
7285
4291
8350
4087
7538
744
3741
9060
185
1085
11158
4097
2659
5726
8049
11139
319
4605
4643
1267
695
830
7062
10242
7464
10027
3166
6063
2751
10529
9437
2119
7611
6012
3664
8669
5194
9038
6006
8931
3097
1202
4205
1984
4792
5188
7315
4969
2794
3998
237
3754
2360
3002
10691
4273
2015
11174
6952
2140
103
2980
6748
7976
8818
3867
3169
4018
2797
8176
6263
4140
8378
491
7185
8319
17
2092
11349
11906
99
3121
5988
5679
5551
438
1825
8740
5130
896
2285
726
5191
5815
10738
2574
4972
4991
2726
8285
3072
9358
5921
9645
2837
8698
1796
1795
11715
6392
5546
1826
6432
9162
6747
11249
1971
8143
6564
10238
9841
2329
8029
6937
15
10554
3969
10955
7180
9647
6624
302
5574
4254
9811
1585
1693
6059
8707
4200
8558
4720
7864
8532
960
5851
9062
1865
270
692
10889
7732
3895
1889
11666
4861
10352
9869
6398
8660
196
8797
6871
7350
11664
1957
11859
2414
5932
7622
7598
6929
6240
4088
7239
5650
5924
530
9977
1377
8517
10682
7836
3197
605
3091
10838
5576
4993
6785
3296
3118
10023
8683
1491
3918
8492
8932
7752
1035
10660
10575
4206
8492
4205
6583
1005
1507
11743
2229
4818
353
7687
2181
11663
7253
711
11375
9887
2155
1972
2877
8164
10028
6524
10393
3815
5464
3977
11961
10608
7944
4463
4568
4366
7030
9382
11069
11311
5024
1122
2742
9993
3333
138
11178
3012
11801
5232
9931
7402
11683
9793
1472
8652
8752
1022
4443
6772
9178
4786
100
9639
5358
7758
9038
3056
7823
2911
5886
8538
6598
156
8697
4778
7097
1093
1028
9086
1662
7322
10524
10760
265
7665
1848
11479
8697
2909
4343
10187
9744
9316
1621
3827
8359
6150
5531
439
9806
5877
549
5720
9992
435
4633
8116
5922
9117
8908
6809
5211
11125
11314
5670
3040
730
8431
6348
10703
3251
11180
3067
6100
3675
3964
2585
9027
6786
5029
8904
7076
4037
446
11959
7222
4150
3075
2406
11848
3603
7259
9000
4017
5632
5685
715
7193
6296
6996
4864
7431
9392
5185
8901
11201
8659
8685
5426
7575
1715
10274
3113
5407
7555
8538
845
4440
201
1607
4297
5937
5250
8242
9536
1475
1537
6068
2894
5965
7063
3866
10456
10748
10559
311
1947
4781
9738
5410
8634
10492
6239
5091
5040
5760
5726
6059
1872
2824
3296
2944
6482
534
7541
3181
3524
10447
11090
10763
8168
7666
3356
8110
3289
10115
6472
5808
6531
9115
10031
8776
2932
7673
4270
6712
4018
2796
8715
8216
2859
6465
64
2011
6490
8532
7227
1018
10467
7898
6952
9764
7000
11685
8359
4746
187
5971
2944
2793
7335
11777
2289
2389
10144
560
4683
1101
11776
10388
8279
2883
11363
9250
6156
14
2480
3631
1806
9756
4432
531
4055
5587
4900
11505
10337
2933
9548
10127
10489
7827
6690
11407
3878
5766
2871
9276
4679
1278
490
6129
1502
308
11103
8753
6350
9513
4031
3601
2004
8914
3218
9424
454
1089
9967
710
9876
3179
1264
1141
9927
7491
873
6471
10754
288
7154
10765
4131
644
11819
10849
5526
1806
5372
11120
5659
2501
9939
541
11253
8974
4525
9669
5180
2294
11431
6003
106
3534
11637
2716
4991
3957
7398
11020
2448
2149
4142
11925
10945
1304
4950
3123
3279
7462
3461
2955
11437
5474
1008
2146
8177
5829
9119
5006
9103
218
9200
3210
9935
8789
11298
9081
5930
3563
11306
1454
10042
6304
2763
5748
1415
9392
7644
4786
206
2827
10071
10207
6479
5505
7842
3963
4066
10234
11005
9460
6780
3695
10397
4299
6280
6682
4126
9377
4115
8388
10463
10285
7156
5420
7388
2452
3578
9394
6275
1440
3
8619
5737
4058
9135
3323
1640
658
7360
8253
2591
7982
9315
3197
4907
3387
3294
7088
9162
3048
9647
10826
3849
6898
7922
11823
505
3626
3566
1475
6875
9969
7341
1424
2239
1809
4408
9381
3988
274
3131
8711
6856
4077
211
9660
3919
9754
6603
225
9533
6223
7960
3161
6853
9308
11969
10447
377
3357
10969
5800
3175
5053
9603
5392
5027
2766
10062
6934
7651
5492
7558
9642
4521
10451
2229
308
9470
11854
8527
1851
365
1107
3424
2137
9566
6929
400
10788
1722
4373
7183
9860
7653
4673
9609
6938
2635
11127
1729
2115
8369
9897
5414
3737
8213
6639
3243
11481
10985
4326
10320
5463
3704
8363
5958
4540
10074
6332
6775
5846
3372
1178
4770
2796
1569
2628
1350
4440
7098
1870
9013
5002
3645
9236
10542
10796
7636
7649
5091
6453
8824
6007
11393
9495
2431
6504
8629
5765
2747
8006
11090
6081
2944
2190
1812
722
8016
46
8718
940
1375
9636
10594
1701
6543
3682
9336
5174
1738
3590
3436
10259
4822
8943
1550
11521
9183
10276
4258
9394
5540
10122
4759
4358
6507
6875
11267
3051
11957
3895
7236
11842
9760
4623
338
1414
2479
3094
3224
2233
9879
10319
6620
7521
7832
2402
4216
5451
6270
8044
5029
3767
6277
3292
10593
3896
5254
9884
9322
11819
3272
4494
4787
3610
3305
11464
8398
2514
5012
11278
6145
3789
1998
3070
9516
11271
6270
11881
2665
5729
8591
10183
5091
1562
7952
4335
9780
1222
3165
8195
6753
6009
10797
4024
5346
3471
239
3119
5322
9625
6640
1254
9032
6563
11783
9094
6389
2771
3655
9126
1257
2537
9554
4462
6166
10363
5016
9033
3868
8112
11676
11241
3276
2873
7373
46
11713
8112
1380
1762
1155
5687
4592
1509
7293
1629
837
11293
6747
6346
9157
5136
5662
3991
1996
10430
10153
6237
10673
7898
7743
4550
11349
6055
4905
2260
9882
8002
7236
3375
559
2665
3549
11037
5621
5267
7287
864
1848
10863
6199
11201
7134
2179
6093
9339
2094
4803
2733
6310
3172
4929
9611
2669
539
9400
8308
5937
2294
2736
552
10966
10033
9086
2868
1481
9795
2747
11811
6396
754
8922
8310
4246
1678
8801
11537
9164
4293
5853
11975
337
7100
3378
5977
5705
11060
2912
159
3916
5710
7003
1306
6144
4909
10156
8290
9368
9293
4423
8576
7055
1913
3154
1453
5923
4158
9842
2985
579
11213
4793
1942
5279
9677
6510
3628
5944
6857
3231
7498
11776
7403
2977
10892
6427
2555
9766
2914
11667
2197
7290
9686
1821
272
11441
10672
1031
11764
11441
9663
5431
6576
8162
9299
2878
43
9364
609
9672
1670
3140
7084
2987
864
2769
4175
7289
1024
10452
9866
1034
9284
122
10125
2274
4533
2503
8531
4544
1046
5055
8261
7496
3120
11215
6911
228
11560
5514
6208
5124
11704
11706
5750
238
4839
1932
10228
4859
4468
283
5407
11896
9818
7735
9232
2042
3321
9533
8970
10443
8462
6466
5165
680
9515
10308
10455
9354
11096
8835
3936
5435
11298
1407
3758
1755
1382
7980
4057
9619
3557
2749
3032
5516
348
6251
11181
9251
6354
6834
8164
3535
9917
1795
1686
4218
287
6285
8026
5779
7325
6259
1503
10585
11590
2278
9159
6632
8886
11894
5336
3106
6899
9645
8582
10076
8495
9354
4465
9975
4608
5455
376
10277
7307
4510
10292
8872
8730
10864
736
10107
6015
9541
11804
8353
10186
7044
7143
7149
2137
10634
135
5610
3455
960
2346
11742
1747
1559
4376
6683
5488
7829
8813
8606
10065
7443
1837
10135
6826
8027
10325
4591
4324
2019
898
2262
3830
11255
4396
8101
3349
8655
9650
2873
11958
3761
8167
4747
3255
6468
2484
11692
10992
1409
11480
8756
7699
9800
11794
8423
4164
2399
5767
8707
91
8375
6984
6532
4071
8426
4457
1120
8210
10416
5937
7787
1332
10083
9548
8458
6621
2034
3115
7611
10885
3306
2039
5087
5338
11169
9481
279
5857
10645
872
1735
4131
11398
10389
8026
7928
171
10074
1999
10926
3890
10636
5097
6110
5815
757
3455
1695
6823
2838
6796
2861
11924
5660
2907
2275
8537
10296
8573
9461
7849
10891
4323
7527
3746
10541
3202
7563
9344
4555
7016
8263
7079
4710
7095
4849
2583
4933
2603
3366
1274
8940
5793
3715
9596
1881
296
9509
8299
10947
7696
4892
8904
126
7071
11921
6706
9956
2061
2944
169
8129
262
6589
9523
9167
4323
5552
643
11191
5128
11353
7964
908
2793
3507
4224
6460
8933
10289
5268
11677
7766
1342
8897
531
10098
2810
7958
1215
11094
5518
5381
5298
11959
7917
814
796
3272
2083
2762
10726
1688
9004
6865
2910
6078
6734
1913
231
5918
7654
692
5503
9821
9202
10498
5322
5622
9839
10334
4942
7236
8874
4366
7194
11789
10952
2106
10896
7080
5586
7108
11924
6450
1084
9611
3276
9471
4497
6607
4962
8595
2981
11261
6438
23
975
6345
9578
11528
2091
11584
2792
10810
10415
8288
8933
9216
3126
4628
11006
11230
6905
3136
10459
8164
6567
4755
8977
6785
9666
10731
6208
8378
1524
9119
8729
6853
7197
431
5847
11948
2382
11130
5422
5482
23
4237
9971
811
3650
7194
5635
2253
1997
6473
10405
8237
6434
2033
7106
9272
11054
820
11165
3577
8957
8880
9083
5315
11354
8490
6754
8831
554
7838
3481
5203
11729
10356
1462
4577
1551
8718
7996
7425
8355
808
341
1806
2462
7628
1358
6073
2577
2161
1532
11219
6921
1633
7896
4131
3800
1387
10607
4522
1768
771
5582
4166
10380
1985
4609
1271
4715
3721
6729
3464
424
2777
4452
9812
7018
2425
3512
11667
3428
6430
9357
9872
3562
11961
1489
3942
2674
7499
5998
11330
5795
4956
7290
1748
9307
8793
4024
10729
7935
4847
7641
8234
4018
9848
4640
6078
11853
7282
3911
8320
9244
10325
3902
5473
3076
1947
1335
6508
5819
2109
3411
4106
1313
10141
11094
6465
10994
10917
4079
3194
11948
8373
6428
7440
1740
11210
9625
3379
7894
7281
4941
11534
6272
9205
9490
4148
2253
6187
8288
2905
5702
3785
9830
7818
11196
2563
1397
6919
10743
6099
4265
5633
9481
10718
410
4330
9396
1661
7053
10517
8034
11000
9512
6497
539
5728
10368
39
2019
5805
1817
726
7328
5772
6341
8123
8809
1704
6489
5746
3346
7820
1546
7067
10295
3962
3263
392
11420
10489
2601
4398
933
4768
540
7531
2019
9486
2557
2127
9978
9462
4234
6281
1159
6377
737
8943
5300
4056
7531
8566
4752
10440
7714
10895
9223
10349
2744
3055
7286
1367
2082
1103
3803
5929
7427
542
11798
3639
709
4056
9958
5365
3926
9794
11035
6358
11128
9036
7894
1880
6534
3933
4731
5334
9747
6212
5222
11804
5425
388
926
3232
8551
9962
10203
11103
7539
8469
250
10559
11965
4959
6549
285
1584
9601
1089
9304
4540
5575
5186
4972
1341
6284
6546
27
5160
2143
11404
2446
425
10799
5151
4177
10411
2633
835
7451
10689
3734
8197
4459
805
9281
652
1564
11434
3356
1663
1031
6527
719
3431
5421
11606
5888
9623
4330
4365
5159
8091
8094
10136
3733
1070
4333
8514
5170
5335
10930
2617
3691
11081
7036
910
5600
4017
2129
5469
6222
10234
3962
9771
11186
5842
5370
11774
5795
7211
7483
24
11404
6848
784
11957
3372
8502
11762
10276
1102
11065
11562
11471
1072
2129
6102
2013
8459
8787
4502
4676
75
3322
2515
5693
8833
6879
11782
11065
1786
11059
6283
11405
2023
9534
8278
7023
3335
3400
5336
2772
5502
6906
5691
9286
5443
6525
9226
7755
7182
8044
11812
5272
5702
11414
3491
7051
8224
1544
10199
4450
1319
7077
226
11737
1477
6338
10576
7937
4378
6265
8633
848
10070
6053
7245
8465
3647
2575
4366
543
1703
7350
9809
3927
2000
4882
3462
1554
1206
9673
1502
10635
9484
10009
1644
2567
6879
828
7429
5497
7089
5568
10813
2223
3196
11806
2001
5260
7254
1876
7511
5401
5391
3286
11873
2001
4176
10898
7154
4460
2485
7230
5677
5037
5949
1098
839
7113
4308
1990
4850
10432
7593
4162
10515
5599
5044
10366
843
10252
7015
485
5311
831
2868
1004
11027
771
945
5354
836
6188
2199
4596
8574
11772
8906
753
6223
6622
138
7272
4625
2126
8247
8707
2736
7761
9620
2621
26
9832
2306
5082
8720
